Log file open, 07/16/20 14:22:11
LogInit: Display: Running engine for game: PuzzleMP
LogPlatformFile: Not using cached read wrapper
LogTaskGraph: Started task graph with 5 named threads and 23 total threads with 3 sets of task threads.
LogStats: Stats thread started at 1.073019
LogD3D11RHI: Loaded GFSDK_Aftermath_Lib.x64.dll
LogICUInternationalization: ICU TimeZone Detection - Raw Offset: -5:00, Platform Override: ''
LogPluginManager: Mounting plugin Paper2D
LogPluginManager: Mounting plugin AISupport
LogPluginManager: Mounting plugin LightPropagationVolume
LogPluginManager: Mounting plugin CameraShakePreviewer
LogPluginManager: Mounting plugin ActorLayerUtilities
LogPluginManager: Mounting plugin AnimationSharing
LogPluginManager: Mounting plugin CLionSourceCodeAccess
LogPluginManager: Mounting plugin CodeLiteSourceCodeAccess
LogPluginManager: Mounting plugin GitSourceControl
LogPluginManager: Mounting plugin KDevelopSourceCodeAccess
LogPluginManager: Mounting plugin NullSourceCodeAccess
LogPluginManager: Mounting plugin PerforceSourceControl
LogPluginManager: Mounting plugin PlasticSourceControl
LogPluginManager: Mounting plugin RiderSourceCodeAccess
LogPluginManager: Mounting plugin SubversionSourceControl
LogPluginManager: Mounting plugin UObjectPlugin
LogPluginManager: Mounting plugin VisualStudioCodeSourceCodeAccess
LogPluginManager: Mounting plugin VisualStudioSourceCodeAccess
LogPluginManager: Mounting plugin XCodeSourceCodeAccess
LogPluginManager: Mounting plugin AssetManagerEditor
LogPluginManager: Mounting plugin CryptoKeys
LogPluginManager: Mounting plugin CurveEditorTools
LogPluginManager: Mounting plugin DataValidation
LogPluginManager: Mounting plugin EditorScriptingUtilities
LogPluginManager: Mounting plugin FacialAnimation
LogPluginManager: Mounting plugin GameplayTagsEditor
LogPluginManager: Mounting plugin GeometryMode
LogPluginManager: Mounting plugin MacGraphicsSwitching
LogPluginManager: Mounting plugin MaterialAnalyzer
LogPluginManager: Mounting plugin MobileLauncherProfileWizard
LogPluginManager: Mounting plugin PluginBrowser
LogPluginManager: Mounting plugin SpeedTreeImporter
LogPluginManager: Mounting plugin DatasmithContent
LogPluginManager: Mounting plugin VariantManagerContent
LogPluginManager: Mounting plugin AlembicImporter
LogPluginManager: Mounting plugin AutomationUtils
LogPluginManager: Mounting plugin BackChannel
LogPluginManager: Mounting plugin ChaosCloth
LogPluginManager: Mounting plugin ChaosClothEditor
LogPluginManager: Mounting plugin ChaosEditor
LogPluginManager: Mounting plugin ChaosNiagara
LogPluginManager: Mounting plugin ChaosSolverPlugin
LogPluginManager: Mounting plugin CharacterAI
LogPluginManager: Mounting plugin GeometryCache
LogPluginManager: Mounting plugin GeometryCollectionPlugin
LogPluginManager: Mounting plugin GeometryProcessing
LogPluginManager: Mounting plugin PlanarCut
LogPluginManager: Mounting plugin PlatformCrypto
LogPluginManager: Mounting plugin ProxyLODPlugin
LogPluginManager: Mounting plugin SkeletalReduction
LogPluginManager: Mounting plugin Niagara
LogPluginManager: Mounting plugin MagicLeap
LogPluginManager: Mounting plugin MagicLeapLightEstimation
LogPluginManager: Mounting plugin MagicLeapMedia
LogPluginManager: Mounting plugin MagicLeapPassableWorld
LogPluginManager: Mounting plugin MLSDK
LogPluginManager: Mounting plugin AndroidMedia
LogPluginManager: Mounting plugin AvfMedia
LogPluginManager: Mounting plugin ImgMedia
LogPluginManager: Mounting plugin MediaCompositing
LogPluginManager: Mounting plugin MediaPlayerEditor
LogPluginManager: Mounting plugin WebMMedia
LogPluginManager: Mounting plugin WmfMedia
LogPluginManager: Mounting plugin MeshPainting
LogPluginManager: Mounting plugin TcpMessaging
LogPluginManager: Mounting plugin UdpMessaging
LogPluginManager: Mounting plugin ActorSequence
LogPluginManager: Mounting plugin LevelSequenceEditor
LogPluginManager: Mounting plugin MatineeToLevelSequence
LogPluginManager: Mounting plugin MovieRenderPipeline
LogPluginManager: Mounting plugin TemplateSequence
LogPluginManager: Mounting plugin NetcodeUnitTest
LogPluginManager: Mounting plugin NUTUnrealEngine4
LogPluginManager: Mounting plugin OnlineSubsystemGooglePlay
LogPluginManager: Mounting plugin OnlineSubsystemIOS
LogPluginManager: Mounting plugin OnlineSubsystem
LogPluginManager: Mounting plugin OnlineSubsystemNull
LogPluginManager: Mounting plugin OnlineSubsystemUtils
LogPluginManager: Mounting plugin LauncherChunkInstaller
LogPluginManager: Mounting plugin AndroidDeviceProfileSelector
LogPluginManager: Mounting plugin AndroidMoviePlayer
LogPluginManager: Mounting plugin AndroidPermission
LogPluginManager: Mounting plugin AppleImageUtils
LogPluginManager: Mounting plugin AppleMoviePlayer
LogPluginManager: Mounting plugin ArchVisCharacter
LogPluginManager: Mounting plugin AssetTags
LogPluginManager: Mounting plugin AudioCapture
LogPluginManager: Mounting plugin CableComponent
LogPluginManager: Mounting plugin CustomMeshComponent
LogPluginManager: Mounting plugin EditableMesh
LogPluginManager: Mounting plugin ExampleDeviceProfileSelector
LogPluginManager: Mounting plugin GoogleCloudMessaging
LogPluginManager: Mounting plugin GooglePAD
LogPluginManager: Mounting plugin IOSDeviceProfileSelector
LogPluginManager: Mounting plugin LinuxDeviceProfileSelector
LogPluginManager: Mounting plugin LocationServicesBPLibrary
LogPluginManager: Mounting plugin MobilePatchingUtils
LogPluginManager: Mounting plugin OculusVR
LogPluginManager: Mounting plugin PhysXVehicles
LogPluginManager: Mounting plugin PostSplashScreen
LogPluginManager: Mounting plugin ProceduralMeshComponent
LogPluginManager: Mounting plugin RuntimePhysXCooking
LogPluginManager: Mounting plugin SignificanceManager
LogPluginManager: Mounting plugin SoundFields
LogPluginManager: Mounting plugin SteamVR
LogPluginManager: Mounting plugin Synthesis
LogPluginManager: Mounting plugin WebMMoviePlayer
LogPluginManager: Mounting plugin WindowsMoviePlayer
LogPluginManager: Mounting plugin ScreenshotTools
LogInit: Using libcurl 7.55.1-DEV
LogInit:  - built for x86_64-pc-win32
LogInit:  - supports SSL with OpenSSL/1.1.1
LogInit:  - supports HTTP deflate (compression) using libz 1.2.8
LogInit:  - other features:
LogInit:      CURL_VERSION_SSL
LogInit:      CURL_VERSION_LIBZ
LogInit:      CURL_VERSION_IPV6
LogInit:      CURL_VERSION_ASYNCHDNS
LogInit:      CURL_VERSION_LARGEFILE
LogInit:      CURL_VERSION_IDN
LogInit:  CurlRequestOptions (configurable via config and command line):
LogInit:  - bVerifyPeer = true  - Libcurl will verify peer certificate
LogInit:  - bUseHttpProxy = false  - Libcurl will NOT use HTTP proxy
LogInit:  - bDontReuseConnections = false  - Libcurl will reuse connections
LogInit:  - MaxHostConnections = 16  - Libcurl will limit the number of connections to a host
LogInit:  - LocalHostAddr = Default
LogInit:  - BufferSize = 65536
LogOnline: OSS: Creating online subsystem instance for: NULL
LogInit: WinSock: version 1.1 (2.2), MaxSocks=32767, MaxUdp=65467
LogOnline: OSS: TryLoadSubsystemAndSetDefault: Loaded subsystem for module [NULL]
LogInit: Build: ++UE4+Release-4.25-CL-13594126
LogInit: Engine Version: 4.25.1-13594126+++UE4+Release-4.25
LogInit: Compatible Engine Version: 4.25.0-13144385+++UE4+Release-4.25
LogInit: Net CL: 13144385
LogInit: OS: Windows 10 (Release 1903) (), CPU: Intel(R) Core(TM) i7-6700K CPU @ 4.00GHz, GPU: NVIDIA GeForce GTX 960
LogInit: Compiled (64-bit): Jun  2 2020 02:10:36
LogInit: Compiled with Visual C++: 19.24.28315.00
LogInit: Build Configuration: Development
LogInit: Branch Name: ++UE4+Release-4.25
LogInit: Command Line:  -EpicPortal -epicusername=DanPaddock -epicuserid=643bc9acaf9a453f9891b04269bf9ce4 -epiclocale=en
LogInit: Base Directory: D:/Engines/UE_4.25/Engine/Binaries/Win64/
LogInit: Allocator: TBB
LogInit: Installed Engine Build: 1
LogDevObjectVersion: Number of dev versions registered: 26
LogDevObjectVersion:   Dev-Blueprints (B0D832E4-1F89-4F0D-ACCF-7EB736FD4AA2): 10
LogDevObjectVersion:   Dev-Build (E1C64328-A22C-4D53-A36C-8E866417BD8C): 0
LogDevObjectVersion:   Dev-Core (375EC13C-06E4-48FB-B500-84F0262A717E): 4
LogDevObjectVersion:   Dev-Editor (E4B068ED-F494-42E9-A231-DA0B2E46BB41): 38
LogDevObjectVersion:   Dev-Framework (CFFC743F-43B0-4480-9391-14DF171D2073): 37
LogDevObjectVersion:   Dev-Mobile (B02B49B5-BB20-44E9-A304-32B752E40360): 2
LogDevObjectVersion:   Dev-Networking (A4E4105C-59A1-49B5-A7C5-40C4547EDFEE): 0
LogDevObjectVersion:   Dev-Online (39C831C9-5AE6-47DC-9A44-9C173E1C8E7C): 0
LogDevObjectVersion:   Dev-Physics (78F01B33-EBEA-4F98-B9B4-84EACCB95AA2): 4
LogDevObjectVersion:   Dev-Platform (6631380F-2D4D-43E0-8009-CF276956A95A): 0
LogDevObjectVersion:   Dev-Rendering (12F88B9F-8875-4AFC-A67C-D90C383ABD29): 43
LogDevObjectVersion:   Dev-Sequencer (7B5AE74C-D270-4C10-A958-57980B212A5A): 12
LogDevObjectVersion:   Dev-VR (D7296918-1DD6-4BDD-9DE2-64A83CC13884): 3
LogDevObjectVersion:   Dev-LoadTimes (C2A15278-BFE7-4AFE-6C17-90FF531DF755): 1
LogDevObjectVersion:   Private-Geometry (6EACA3D4-40EC-4CC1-B786-8BED09428FC5): 3
LogDevObjectVersion:   Dev-AnimPhys (29E575DD-E0A3-4627-9D10-D276232CDCEA): 17
LogDevObjectVersion:   Dev-Anim (AF43A65D-7FD3-4947-9873-3E8ED9C1BB05): 7
LogDevObjectVersion:   Dev-ReflectionCapture (6B266CEC-1EC7-4B8F-A30B-E4D90942FC07): 1
LogDevObjectVersion:   Dev-Automation (0DF73D61-A23F-47EA-B727-89E90C41499A): 1
LogDevObjectVersion:   FortniteMain (601D1886-AC64-4F84-AA16-D3DE0DEAC7D6): 31
LogDevObjectVersion:   Dev-Enterprise (9DFFBCD6-494F-0158-E221-12823C92A888): 10
LogDevObjectVersion:   Dev-Niagara (F2AED0AC-9AFE-416F-8664-AA7FFA26D6FC): 1
LogDevObjectVersion:   Dev-Destruction (174F1F0B-B4C6-45A5-B13F-2EE8D0FB917D): 10
LogDevObjectVersion:   Dev-Physics-Ext (35F94A83-E258-406C-A318-09F59610247C): 37
LogDevObjectVersion:   Dev-PhysicsMaterial-Chaos (B68FC16E-8B1B-42E2-B453-215C058844FE): 1
LogDevObjectVersion:   Dev-CineCamera (B2E18506-4273-CFC2-A54E-F4BB758BBA07): 1
LogInit: Presizing for max 25165824 objects, including 0 objects not considered by GC, pre-allocating 0 bytes for permanent pool.
LogConfig: Applying CVar settings from Section [/Script/Engine.StreamingSettings] File [C:/Users/danpa/Documents/Unreal Projects/Unreal-MP/PuzzleMP/Saved/Config/Windows/Engine.ini]
LogConfig: Setting CVar [[s.MinBulkDataSizeForAsyncLoading:131072]]
LogConfig: Setting CVar [[s.AsyncLoadingThreadEnabled:0]]
LogConfig: Setting CVar [[s.EventDrivenLoaderEnabled:1]]
LogConfig: Setting CVar [[s.WarnIfTimeLimitExceeded:0]]
LogConfig: Setting CVar [[s.TimeLimitExceededMultiplier:1.5]]
LogConfig: Setting CVar [[s.TimeLimitExceededMinTime:0.005]]
LogConfig: Setting CVar [[s.UseBackgroundLevelStreaming:1]]
LogConfig: Setting CVar [[s.PriorityAsyncLoadingExtraTime:15.0]]
LogConfig: Setting CVar [[s.LevelStreamingActorsUpdateTimeLimit:5.0]]
LogConfig: Setting CVar [[s.PriorityLevelStreamingActorsUpdateExtraTime:5.0]]
LogConfig: Setting CVar [[s.LevelStreamingComponentsRegistrationGranularity:10]]
LogConfig: Setting CVar [[s.UnregisterComponentsTimeLimit:1.0]]
LogConfig: Setting CVar [[s.LevelStreamingComponentsUnregistrationGranularity:5]]
LogConfig: Setting CVar [[s.FlushStreamingOnExit:1]]
LogInit: Object subsystem initialized
LogConfig: Setting CVar [[con.DebugEarlyDefault:1]]
LogConfig: Setting CVar [[r.setres:1280x720]]
[2020.07.16-18.22.11:802][  0]LogConfig: Setting CVar [[r.VSync:0]]
[2020.07.16-18.22.11:802][  0]LogConfig: Setting CVar [[r.RHICmdBypass:0]]
[2020.07.16-18.22.11:802][  0]LogConfig: Applying CVar settings from Section [/Script/Engine.RendererSettings] File [C:/Users/danpa/Documents/Unreal Projects/Unreal-MP/PuzzleMP/Saved/Config/Windows/Engine.ini]
[2020.07.16-18.22.11:802][  0]LogConfig: Setting CVar [[r.GPUCrashDebugging:0]]
[2020.07.16-18.22.11:802][  0]LogConfig: Applying CVar settings from Section [/Script/Engine.RendererOverrideSettings] File [C:/Users/danpa/Documents/Unreal Projects/Unreal-MP/PuzzleMP/Saved/Config/Windows/Engine.ini]
[2020.07.16-18.22.11:802][  0]LogConfig: Applying CVar settings from Section [/Script/Engine.StreamingSettings] File [C:/Users/danpa/Documents/Unreal Projects/Unreal-MP/PuzzleMP/Saved/Config/Windows/Engine.ini]
[2020.07.16-18.22.11:802][  0]LogConfig: Setting CVar [[s.MinBulkDataSizeForAsyncLoading:131072]]
[2020.07.16-18.22.11:802][  0]LogConfig: Setting CVar [[s.AsyncLoadingThreadEnabled:0]]
[2020.07.16-18.22.11:802][  0]LogConfig: Setting CVar [[s.EventDrivenLoaderEnabled:1]]
[2020.07.16-18.22.11:802][  0]LogConfig: Setting CVar [[s.WarnIfTimeLimitExceeded:0]]
[2020.07.16-18.22.11:802][  0]LogConfig: Setting CVar [[s.TimeLimitExceededMultiplier:1.5]]
[2020.07.16-18.22.11:802][  0]LogConfig: Setting CVar [[s.TimeLimitExceededMinTime:0.005]]
[2020.07.16-18.22.11:802][  0]LogConfig: Setting CVar [[s.UseBackgroundLevelStreaming:1]]
[2020.07.16-18.22.11:802][  0]LogConfig: Setting CVar [[s.PriorityAsyncLoadingExtraTime:15.0]]
[2020.07.16-18.22.11:802][  0]LogConfig: Setting CVar [[s.LevelStreamingActorsUpdateTimeLimit:5.0]]
[2020.07.16-18.22.11:802][  0]LogConfig: Setting CVar [[s.PriorityLevelStreamingActorsUpdateExtraTime:5.0]]
[2020.07.16-18.22.11:802][  0]LogConfig: Setting CVar [[s.LevelStreamingComponentsRegistrationGranularity:10]]
[2020.07.16-18.22.11:802][  0]LogConfig: Setting CVar [[s.UnregisterComponentsTimeLimit:1.0]]
[2020.07.16-18.22.11:802][  0]LogConfig: Setting CVar [[s.LevelStreamingComponentsUnregistrationGranularity:5]]
[2020.07.16-18.22.11:802][  0]LogConfig: Setting CVar [[s.FlushStreamingOnExit:1]]
[2020.07.16-18.22.11:802][  0]LogConfig: Applying CVar settings from Section [/Script/Engine.GarbageCollectionSettings] File [C:/Users/danpa/Documents/Unreal Projects/Unreal-MP/PuzzleMP/Saved/Config/Windows/Engine.ini]
[2020.07.16-18.22.11:802][  0]LogConfig: Setting CVar [[gc.MaxObjectsNotConsideredByGC:1]]
[2020.07.16-18.22.11:802][  0]LogConfig: Setting CVar [[gc.SizeOfPermanentObjectPool:0]]
[2020.07.16-18.22.11:802][  0]LogConfig: Setting CVar [[gc.FlushStreamingOnGC:0]]
[2020.07.16-18.22.11:802][  0]LogConfig: Setting CVar [[gc.NumRetriesBeforeForcingGC:10]]
[2020.07.16-18.22.11:802][  0]LogConfig: Setting CVar [[gc.AllowParallelGC:1]]
[2020.07.16-18.22.11:802][  0]LogConfig: Setting CVar [[gc.TimeBetweenPurgingPendingKillObjects:61.1]]
[2020.07.16-18.22.11:802][  0]LogConfig: Setting CVar [[gc.MaxObjectsInEditor:25165824]]
[2020.07.16-18.22.11:802][  0]LogConfig: Setting CVar [[gc.IncrementalBeginDestroyEnabled:1]]
[2020.07.16-18.22.11:802][  0]LogConfig: Setting CVar [[gc.CreateGCClusters:1]]
[2020.07.16-18.22.11:802][  0]LogConfig: Setting CVar [[gc.MinGCClusterSize:5]]
[2020.07.16-18.22.11:802][  0]LogConfig: Setting CVar [[gc.ActorClusteringEnabled:0]]
[2020.07.16-18.22.11:802][  0]LogConfig: Setting CVar [[gc.BlueprintClusteringEnabled:0]]
[2020.07.16-18.22.11:802][  0]LogConfig: Setting CVar [[gc.UseDisregardForGCOnDedicatedServers:0]]
[2020.07.16-18.22.11:802][  0]LogConfig: Applying CVar settings from Section [/Script/Engine.NetworkSettings] File [C:/Users/danpa/Documents/Unreal Projects/Unreal-MP/PuzzleMP/Saved/Config/Windows/Engine.ini]
[2020.07.16-18.22.11:802][  0]LogConfig: Applying CVar settings from Section [/Script/UnrealEd.CookerSettings] File [C:/Users/danpa/Documents/Unreal Projects/Unreal-MP/PuzzleMP/Saved/Config/Windows/Engine.ini]
[2020.07.16-18.22.11:804][  0]LogConfig: Applying CVar settings from Section [ViewDistanceQuality@3] File [C:/Users/danpa/Documents/Unreal Projects/Unreal-MP/PuzzleMP/Saved/Config/Windows/Scalability.ini]
[2020.07.16-18.22.11:804][  0]LogConfig: Setting CVar [[r.SkeletalMeshLODBias:0]]
[2020.07.16-18.22.11:804][  0]LogConfig: Setting CVar [[r.ViewDistanceScale:1.0]]
[2020.07.16-18.22.11:804][  0]LogConfig: Applying CVar settings from Section [AntiAliasingQuality@3] File [C:/Users/danpa/Documents/Unreal Projects/Unreal-MP/PuzzleMP/Saved/Config/Windows/Scalability.ini]
[2020.07.16-18.22.11:804][  0]LogConfig: Setting CVar [[r.PostProcessAAQuality:4]]
[2020.07.16-18.22.11:804][  0]LogConfig: Applying CVar settings from Section [ShadowQuality@3] File [C:/Users/danpa/Documents/Unreal Projects/Unreal-MP/PuzzleMP/Saved/Config/Windows/Scalability.ini]
[2020.07.16-18.22.11:804][  0]LogConfig: Setting CVar [[r.LightFunctionQuality:1]]
[2020.07.16-18.22.11:804][  0]LogConfig: Setting CVar [[r.ShadowQuality:5]]
[2020.07.16-18.22.11:804][  0]LogConfig: Setting CVar [[r.Shadow.CSM.MaxCascades:10]]
[2020.07.16-18.22.11:804][  0]LogConfig: Setting CVar [[r.Shadow.MaxResolution:2048]]
[2020.07.16-18.22.11:804][  0]LogConfig: Setting CVar [[r.Shadow.MaxCSMResolution:2048]]
[2020.07.16-18.22.11:804][  0]LogConfig: Setting CVar [[r.Shadow.RadiusThreshold:0.01]]
[2020.07.16-18.22.11:804][  0]LogConfig: Setting CVar [[r.Shadow.DistanceScale:1.0]]
[2020.07.16-18.22.11:804][  0]LogConfig: Setting CVar [[r.Shadow.CSM.TransitionScale:1.0]]
[2020.07.16-18.22.11:804][  0]LogConfig: Setting CVar [[r.Shadow.PreShadowResolutionFactor:1.0]]
[2020.07.16-18.22.11:804][  0]LogConfig: Setting CVar [[r.DistanceFieldShadowing:1]]
[2020.07.16-18.22.11:804][  0]LogConfig: Setting CVar [[r.DistanceFieldAO:1]]
[2020.07.16-18.22.11:804][  0]LogConfig: Setting CVar [[r.AOQuality:2]]
[2020.07.16-18.22.11:804][  0]LogConfig: Setting CVar [[r.VolumetricFog:1]]
[2020.07.16-18.22.11:804][  0]LogConfig: Setting CVar [[r.VolumetricFog.GridPixelSize:8]]
[2020.07.16-18.22.11:804][  0]LogConfig: Setting CVar [[r.VolumetricFog.GridSizeZ:128]]
[2020.07.16-18.22.11:804][  0]LogConfig: Setting CVar [[r.VolumetricFog.HistoryMissSupersampleCount:4]]
[2020.07.16-18.22.11:804][  0]LogConfig: Setting CVar [[r.LightMaxDrawDistanceScale:1]]
[2020.07.16-18.22.11:804][  0]LogConfig: Setting CVar [[r.CapsuleShadows:1]]
[2020.07.16-18.22.11:804][  0]LogConfig: Applying CVar settings from Section [PostProcessQuality@3] File [C:/Users/danpa/Documents/Unreal Projects/Unreal-MP/PuzzleMP/Saved/Config/Windows/Scalability.ini]
[2020.07.16-18.22.11:804][  0]LogConfig: Setting CVar [[r.MotionBlurQuality:4]]
[2020.07.16-18.22.11:804][  0]LogConfig: Setting CVar [[r.AmbientOcclusionMipLevelFactor:0.4]]
[2020.07.16-18.22.11:805][  0]LogConfig: Setting CVar [[r.AmbientOcclusionMaxQuality:100]]
[2020.07.16-18.22.11:805][  0]LogConfig: Setting CVar [[r.AmbientOcclusionLevels:-1]]
[2020.07.16-18.22.11:805][  0]LogConfig: Setting CVar [[r.AmbientOcclusionRadiusScale:1.0]]
[2020.07.16-18.22.11:805][  0]LogConfig: Setting CVar [[r.DepthOfFieldQuality:2]]
[2020.07.16-18.22.11:805][  0]LogConfig: Setting CVar [[r.RenderTargetPoolMin:400]]
[2020.07.16-18.22.11:805][  0]LogConfig: Setting CVar [[r.LensFlareQuality:2]]
[2020.07.16-18.22.11:805][  0]LogConfig: Setting CVar [[r.SceneColorFringeQuality:1]]
[2020.07.16-18.22.11:805][  0]LogConfig: Setting CVar [[r.EyeAdaptationQuality:2]]
[2020.07.16-18.22.11:805][  0]LogConfig: Setting CVar [[r.BloomQuality:5]]
[2020.07.16-18.22.11:805][  0]LogConfig: Setting CVar [[r.FastBlurThreshold:100]]
[2020.07.16-18.22.11:805][  0]LogConfig: Setting CVar [[r.Upscale.Quality:3]]
[2020.07.16-18.22.11:805][  0]LogConfig: Setting CVar [[r.Tonemapper.GrainQuantization:1]]
[2020.07.16-18.22.11:805][  0]LogConfig: Setting CVar [[r.LightShaftQuality:1]]
[2020.07.16-18.22.11:805][  0]LogConfig: Setting CVar [[r.Filter.SizeScale:1]]
[2020.07.16-18.22.11:805][  0]LogConfig: Setting CVar [[r.Tonemapper.Quality:5]]
[2020.07.16-18.22.11:805][  0]LogConfig: Setting CVar [[r.DOF.Gather.AccumulatorQuality:1        ; higher gathering accumulator quality]]
[2020.07.16-18.22.11:805][  0]LogConfig: Setting CVar [[r.DOF.Gather.PostfilterMethod:1          ; Median3x3 postfilering method]]
[2020.07.16-18.22.11:805][  0]LogConfig: Setting CVar [[r.DOF.Gather.EnableBokehSettings:0       ; no bokeh simulation when gathering]]
[2020.07.16-18.22.11:805][  0]LogConfig: Setting CVar [[r.DOF.Gather.RingCount:4                 ; medium number of samples when gathering]]
[2020.07.16-18.22.11:805][  0]LogConfig: Setting CVar [[r.DOF.Scatter.ForegroundCompositing:1    ; additive foreground scattering]]
[2020.07.16-18.22.11:805][  0]LogConfig: Setting CVar [[r.DOF.Scatter.BackgroundCompositing:2    ; additive background scattering]]
[2020.07.16-18.22.11:805][  0]LogConfig: Setting CVar [[r.DOF.Scatter.EnableBokehSettings:1      ; bokeh simulation when scattering]]
[2020.07.16-18.22.11:805][  0]LogConfig: Setting CVar [[r.DOF.Scatter.MaxSpriteRatio:0.1         ; only a maximum of 10% of scattered bokeh]]
[2020.07.16-18.22.11:805][  0]LogConfig: Setting CVar [[r.DOF.Recombine.Quality:1                ; cheap slight out of focus]]
[2020.07.16-18.22.11:805][  0]LogConfig: Setting CVar [[r.DOF.Recombine.EnableBokehSettings:0    ; no bokeh simulation on slight out of focus]]
[2020.07.16-18.22.11:805][  0]LogConfig: Setting CVar [[r.DOF.TemporalAAQuality:1                ; more stable temporal accumulation]]
[2020.07.16-18.22.11:805][  0]LogConfig: Setting CVar [[r.DOF.Kernel.MaxForegroundRadius:0.025]]
[2020.07.16-18.22.11:805][  0]LogConfig: Setting CVar [[r.DOF.Kernel.MaxBackgroundRadius:0.025]]
[2020.07.16-18.22.11:805][  0]LogConfig: Applying CVar settings from Section [TextureQuality@3] File [C:/Users/danpa/Documents/Unreal Projects/Unreal-MP/PuzzleMP/Saved/Config/Windows/Scalability.ini]
[2020.07.16-18.22.11:805][  0]LogConfig: Setting CVar [[r.Streaming.MipBias:0]]
[2020.07.16-18.22.11:805][  0]LogConfig: Setting CVar [[r.Streaming.AmortizeCPUToGPUCopy:0]]
[2020.07.16-18.22.11:805][  0]LogConfig: Setting CVar [[r.Streaming.MaxNumTexturesToStreamPerFrame:0]]
[2020.07.16-18.22.11:805][  0]LogConfig: Setting CVar [[r.Streaming.Boost:1]]
[2020.07.16-18.22.11:805][  0]LogConfig: Setting CVar [[r.MaxAnisotropy:8]]
[2020.07.16-18.22.11:805][  0]LogConfig: Setting CVar [[r.VT.MaxAnisotropy:8]]
[2020.07.16-18.22.11:805][  0]LogConfig: Setting CVar [[r.Streaming.LimitPoolSizeToVRAM:0]]
[2020.07.16-18.22.11:805][  0]LogConfig: Setting CVar [[r.Streaming.PoolSize:1000]]
[2020.07.16-18.22.11:805][  0]LogConfig: Setting CVar [[r.Streaming.MaxEffectiveScreenSize:0]]
[2020.07.16-18.22.11:805][  0]LogConfig: Applying CVar settings from Section [EffectsQuality@3] File [C:/Users/danpa/Documents/Unreal Projects/Unreal-MP/PuzzleMP/Saved/Config/Windows/Scalability.ini]
[2020.07.16-18.22.11:805][  0]LogConfig: Setting CVar [[r.TranslucencyLightingVolumeDim:64]]
[2020.07.16-18.22.11:805][  0]LogConfig: Setting CVar [[r.RefractionQuality:2]]
[2020.07.16-18.22.11:805][  0]LogConfig: Setting CVar [[r.SSR.Quality:3]]
[2020.07.16-18.22.11:805][  0]LogConfig: Setting CVar [[r.SSR.HalfResSceneColor:0]]
[2020.07.16-18.22.11:805][  0]LogConfig: Setting CVar [[r.SceneColorFormat:4]]
[2020.07.16-18.22.11:805][  0]LogConfig: Setting CVar [[r.DetailMode:2]]
[2020.07.16-18.22.11:805][  0]LogConfig: Setting CVar [[r.TranslucencyVolumeBlur:1]]
[2020.07.16-18.22.11:805][  0]LogConfig: Setting CVar [[r.MaterialQualityLevel:1 ; High quality]]
[2020.07.16-18.22.11:805][  0]LogConfig: Setting CVar [[r.SSS.Scale:1]]
[2020.07.16-18.22.11:805][  0]LogConfig: Setting CVar [[r.SSS.SampleSet:2]]
[2020.07.16-18.22.11:805][  0]LogConfig: Setting CVar [[r.SSS.Quality:1]]
[2020.07.16-18.22.11:805][  0]LogConfig: Setting CVar [[r.SSS.HalfRes:0]]
[2020.07.16-18.22.11:805][  0]LogConfig: Setting CVar [[r.SSGI.Quality:3]]
[2020.07.16-18.22.11:805][  0]LogConfig: Setting CVar [[r.EmitterSpawnRateScale:1.0]]
[2020.07.16-18.22.11:805][  0]LogConfig: Setting CVar [[r.ParticleLightQuality:2]]
[2020.07.16-18.22.11:805][  0]LogConfig: Setting CVar [[r.SkyAtmosphere.AerialPerspectiveLUT.FastApplyOnOpaque:1 ; Always have FastSkyLUT 1 in this case to avoid wrong sky]]
[2020.07.16-18.22.11:805][  0]LogConfig: Setting CVar [[r.SkyAtmosphere.AerialPerspectiveLUT.SampleCountPerSlice:1]]
[2020.07.16-18.22.11:805][  0]LogConfig: Setting CVar [[r.SkyAtmosphere.AerialPerspectiveLUT.DepthResolution:16.0]]
[2020.07.16-18.22.11:805][  0]LogConfig: Setting CVar [[r.SkyAtmosphere.FastSkyLUT:1]]
[2020.07.16-18.22.11:805][  0]LogConfig: Setting CVar [[r.SkyAtmosphere.FastSkyLUT.SampleCountMin:4.0]]
[2020.07.16-18.22.11:805][  0]LogConfig: Setting CVar [[r.SkyAtmosphere.FastSkyLUT.SampleCountMax:32.0]]
[2020.07.16-18.22.11:805][  0]LogConfig: Setting CVar [[r.SkyAtmosphere.SampleCountMin:4.0]]
[2020.07.16-18.22.11:805][  0]LogConfig: Setting CVar [[r.SkyAtmosphere.SampleCountMax:32.0]]
[2020.07.16-18.22.11:805][  0]LogConfig: Setting CVar [[r.SkyAtmosphere.TransmittanceLUT.UseSmallFormat:0]]
[2020.07.16-18.22.11:805][  0]LogConfig: Setting CVar [[r.SkyAtmosphere.TransmittanceLUT.SampleCount:10.0]]
[2020.07.16-18.22.11:805][  0]LogConfig: Setting CVar [[r.SkyAtmosphere.MultiScatteringLUT.SampleCount:15.0]]
[2020.07.16-18.22.11:805][  0]LogConfig: Applying CVar settings from Section [FoliageQuality@3] File [C:/Users/danpa/Documents/Unreal Projects/Unreal-MP/PuzzleMP/Saved/Config/Windows/Scalability.ini]
[2020.07.16-18.22.11:805][  0]LogConfig: Setting CVar [[foliage.DensityScale:1.0]]
[2020.07.16-18.22.11:805][  0]LogConfig: Setting CVar [[grass.DensityScale:1.0]]
[2020.07.16-18.22.11:805][  0]LogConfig: Applying CVar settings from Section [ShadingQuality@3] File [C:/Users/danpa/Documents/Unreal Projects/Unreal-MP/PuzzleMP/Saved/Config/Windows/Scalability.ini]
[2020.07.16-18.22.11:805][  0]LogConfig: Setting CVar [[r.HairStrands.SkyLighting.SampleCount:16]]
[2020.07.16-18.22.11:805][  0]LogConfig: Setting CVar [[r.HairStrands.SkyLighting.JitterIntegration:0]]
[2020.07.16-18.22.11:805][  0]LogConfig: Setting CVar [[r.HairStrands.SkyAO.SampleCount:16]]
[2020.07.16-18.22.11:805][  0]LogConfig: Setting CVar [[r.HairStrands.DeepShadow.SuperSampling:0]]
[2020.07.16-18.22.11:806][  0]LogConfig: Setting CVar [[r.HairStrands.VisibilityPPLL:0]]
[2020.07.16-18.22.11:806][  0]LogConfig: Setting CVar [[r.HairStrands.RasterizationScale:0.5]]
[2020.07.16-18.22.11:806][  0]LogConfig: Setting CVar [[r.HairStrands.VelocityRasterizationScale:1]]
[2020.07.16-18.22.11:806][  0]LogInit: Selected Device Profile: [Windows]
[2020.07.16-18.22.11:806][  0]LogInit: Applying CVar settings loaded from the selected device profile: [Windows]
[2020.07.16-18.22.11:806][  0]LogHAL: Display: Platform has ~ 8 GB [8540143616 / 8589934592 / 8], which maps to Default [LargestMinGB=32, LargerMinGB=12, DefaultMinGB=8, SmallerMinGB=6, SmallestMinGB=0)
[2020.07.16-18.22.11:806][  0]LogInit: Going up to parent DeviceProfile []
[2020.07.16-18.22.11:806][  0]LogConfig: Applying CVar settings from Section [ViewDistanceQuality@3] File [C:/Users/danpa/Documents/Unreal Projects/Unreal-MP/PuzzleMP/Saved/Config/Windows/Scalability.ini]
[2020.07.16-18.22.11:806][  0]LogConfig: Setting CVar [[r.SkeletalMeshLODBias:0]]
[2020.07.16-18.22.11:806][  0]LogConfig: Setting CVar [[r.ViewDistanceScale:1.0]]
[2020.07.16-18.22.11:806][  0]LogConfig: Applying CVar settings from Section [AntiAliasingQuality@3] File [C:/Users/danpa/Documents/Unreal Projects/Unreal-MP/PuzzleMP/Saved/Config/Windows/Scalability.ini]
[2020.07.16-18.22.11:806][  0]LogConfig: Setting CVar [[r.PostProcessAAQuality:4]]
[2020.07.16-18.22.11:806][  0]LogConfig: Applying CVar settings from Section [ShadowQuality@3] File [C:/Users/danpa/Documents/Unreal Projects/Unreal-MP/PuzzleMP/Saved/Config/Windows/Scalability.ini]
[2020.07.16-18.22.11:806][  0]LogConfig: Setting CVar [[r.LightFunctionQuality:1]]
[2020.07.16-18.22.11:806][  0]LogConfig: Setting CVar [[r.ShadowQuality:5]]
[2020.07.16-18.22.11:806][  0]LogConfig: Setting CVar [[r.Shadow.CSM.MaxCascades:10]]
[2020.07.16-18.22.11:806][  0]LogConfig: Setting CVar [[r.Shadow.MaxResolution:2048]]
[2020.07.16-18.22.11:806][  0]LogConfig: Setting CVar [[r.Shadow.MaxCSMResolution:2048]]
[2020.07.16-18.22.11:806][  0]LogConfig: Setting CVar [[r.Shadow.RadiusThreshold:0.01]]
[2020.07.16-18.22.11:806][  0]LogConfig: Setting CVar [[r.Shadow.DistanceScale:1.0]]
[2020.07.16-18.22.11:806][  0]LogConfig: Setting CVar [[r.Shadow.CSM.TransitionScale:1.0]]
[2020.07.16-18.22.11:806][  0]LogConfig: Setting CVar [[r.Shadow.PreShadowResolutionFactor:1.0]]
[2020.07.16-18.22.11:806][  0]LogConfig: Setting CVar [[r.DistanceFieldShadowing:1]]
[2020.07.16-18.22.11:806][  0]LogConfig: Setting CVar [[r.DistanceFieldAO:1]]
[2020.07.16-18.22.11:806][  0]LogConfig: Setting CVar [[r.AOQuality:2]]
[2020.07.16-18.22.11:806][  0]LogConfig: Setting CVar [[r.VolumetricFog:1]]
[2020.07.16-18.22.11:806][  0]LogConfig: Setting CVar [[r.VolumetricFog.GridPixelSize:8]]
[2020.07.16-18.22.11:806][  0]LogConfig: Setting CVar [[r.VolumetricFog.GridSizeZ:128]]
[2020.07.16-18.22.11:806][  0]LogConfig: Setting CVar [[r.VolumetricFog.HistoryMissSupersampleCount:4]]
[2020.07.16-18.22.11:806][  0]LogConfig: Setting CVar [[r.LightMaxDrawDistanceScale:1]]
[2020.07.16-18.22.11:806][  0]LogConfig: Setting CVar [[r.CapsuleShadows:1]]
[2020.07.16-18.22.11:806][  0]LogConfig: Applying CVar settings from Section [PostProcessQuality@3] File [C:/Users/danpa/Documents/Unreal Projects/Unreal-MP/PuzzleMP/Saved/Config/Windows/Scalability.ini]
[2020.07.16-18.22.11:806][  0]LogConfig: Setting CVar [[r.MotionBlurQuality:4]]
[2020.07.16-18.22.11:806][  0]LogConfig: Setting CVar [[r.AmbientOcclusionMipLevelFactor:0.4]]
[2020.07.16-18.22.11:806][  0]LogConfig: Setting CVar [[r.AmbientOcclusionMaxQuality:100]]
[2020.07.16-18.22.11:806][  0]LogConfig: Setting CVar [[r.AmbientOcclusionLevels:-1]]
[2020.07.16-18.22.11:806][  0]LogConfig: Setting CVar [[r.AmbientOcclusionRadiusScale:1.0]]
[2020.07.16-18.22.11:806][  0]LogConfig: Setting CVar [[r.DepthOfFieldQuality:2]]
[2020.07.16-18.22.11:806][  0]LogConfig: Setting CVar [[r.RenderTargetPoolMin:400]]
[2020.07.16-18.22.11:806][  0]LogConfig: Setting CVar [[r.LensFlareQuality:2]]
[2020.07.16-18.22.11:806][  0]LogConfig: Setting CVar [[r.SceneColorFringeQuality:1]]
[2020.07.16-18.22.11:806][  0]LogConfig: Setting CVar [[r.EyeAdaptationQuality:2]]
[2020.07.16-18.22.11:806][  0]LogConfig: Setting CVar [[r.BloomQuality:5]]
[2020.07.16-18.22.11:806][  0]LogConfig: Setting CVar [[r.FastBlurThreshold:100]]
[2020.07.16-18.22.11:806][  0]LogConfig: Setting CVar [[r.Upscale.Quality:3]]
[2020.07.16-18.22.11:806][  0]LogConfig: Setting CVar [[r.Tonemapper.GrainQuantization:1]]
[2020.07.16-18.22.11:806][  0]LogConfig: Setting CVar [[r.LightShaftQuality:1]]
[2020.07.16-18.22.11:806][  0]LogConfig: Setting CVar [[r.Filter.SizeScale:1]]
[2020.07.16-18.22.11:806][  0]LogConfig: Setting CVar [[r.Tonemapper.Quality:5]]
[2020.07.16-18.22.11:806][  0]LogConfig: Setting CVar [[r.DOF.Gather.AccumulatorQuality:1        ; higher gathering accumulator quality]]
[2020.07.16-18.22.11:806][  0]LogConfig: Setting CVar [[r.DOF.Gather.PostfilterMethod:1          ; Median3x3 postfilering method]]
[2020.07.16-18.22.11:806][  0]LogConfig: Setting CVar [[r.DOF.Gather.EnableBokehSettings:0       ; no bokeh simulation when gathering]]
[2020.07.16-18.22.11:806][  0]LogConfig: Setting CVar [[r.DOF.Gather.RingCount:4                 ; medium number of samples when gathering]]
[2020.07.16-18.22.11:806][  0]LogConfig: Setting CVar [[r.DOF.Scatter.ForegroundCompositing:1    ; additive foreground scattering]]
[2020.07.16-18.22.11:806][  0]LogConfig: Setting CVar [[r.DOF.Scatter.BackgroundCompositing:2    ; additive background scattering]]
[2020.07.16-18.22.11:806][  0]LogConfig: Setting CVar [[r.DOF.Scatter.EnableBokehSettings:1      ; bokeh simulation when scattering]]
[2020.07.16-18.22.11:806][  0]LogConfig: Setting CVar [[r.DOF.Scatter.MaxSpriteRatio:0.1         ; only a maximum of 10% of scattered bokeh]]
[2020.07.16-18.22.11:806][  0]LogConfig: Setting CVar [[r.DOF.Recombine.Quality:1                ; cheap slight out of focus]]
[2020.07.16-18.22.11:806][  0]LogConfig: Setting CVar [[r.DOF.Recombine.EnableBokehSettings:0    ; no bokeh simulation on slight out of focus]]
[2020.07.16-18.22.11:806][  0]LogConfig: Setting CVar [[r.DOF.TemporalAAQuality:1                ; more stable temporal accumulation]]
[2020.07.16-18.22.11:806][  0]LogConfig: Setting CVar [[r.DOF.Kernel.MaxForegroundRadius:0.025]]
[2020.07.16-18.22.11:806][  0]LogConfig: Setting CVar [[r.DOF.Kernel.MaxBackgroundRadius:0.025]]
[2020.07.16-18.22.11:806][  0]LogConfig: Applying CVar settings from Section [TextureQuality@3] File [C:/Users/danpa/Documents/Unreal Projects/Unreal-MP/PuzzleMP/Saved/Config/Windows/Scalability.ini]
[2020.07.16-18.22.11:806][  0]LogConfig: Setting CVar [[r.Streaming.MipBias:0]]
[2020.07.16-18.22.11:806][  0]LogConfig: Setting CVar [[r.Streaming.AmortizeCPUToGPUCopy:0]]
[2020.07.16-18.22.11:806][  0]LogConfig: Setting CVar [[r.Streaming.MaxNumTexturesToStreamPerFrame:0]]
[2020.07.16-18.22.11:806][  0]LogConfig: Setting CVar [[r.Streaming.Boost:1]]
[2020.07.16-18.22.11:806][  0]LogConfig: Setting CVar [[r.MaxAnisotropy:8]]
[2020.07.16-18.22.11:807][  0]LogConfig: Setting CVar [[r.VT.MaxAnisotropy:8]]
[2020.07.16-18.22.11:807][  0]LogConfig: Setting CVar [[r.Streaming.LimitPoolSizeToVRAM:0]]
[2020.07.16-18.22.11:807][  0]LogConfig: Setting CVar [[r.Streaming.PoolSize:1000]]
[2020.07.16-18.22.11:807][  0]LogConfig: Setting CVar [[r.Streaming.MaxEffectiveScreenSize:0]]
[2020.07.16-18.22.11:807][  0]LogConfig: Applying CVar settings from Section [EffectsQuality@3] File [C:/Users/danpa/Documents/Unreal Projects/Unreal-MP/PuzzleMP/Saved/Config/Windows/Scalability.ini]
[2020.07.16-18.22.11:807][  0]LogConfig: Setting CVar [[r.TranslucencyLightingVolumeDim:64]]
[2020.07.16-18.22.11:807][  0]LogConfig: Setting CVar [[r.RefractionQuality:2]]
[2020.07.16-18.22.11:807][  0]LogConfig: Setting CVar [[r.SSR.Quality:3]]
[2020.07.16-18.22.11:807][  0]LogConfig: Setting CVar [[r.SSR.HalfResSceneColor:0]]
[2020.07.16-18.22.11:807][  0]LogConfig: Setting CVar [[r.SceneColorFormat:4]]
[2020.07.16-18.22.11:807][  0]LogConfig: Setting CVar [[r.DetailMode:2]]
[2020.07.16-18.22.11:807][  0]LogConfig: Setting CVar [[r.TranslucencyVolumeBlur:1]]
[2020.07.16-18.22.11:807][  0]LogConfig: Setting CVar [[r.MaterialQualityLevel:1 ; High quality]]
[2020.07.16-18.22.11:807][  0]LogConfig: Setting CVar [[r.SSS.Scale:1]]
[2020.07.16-18.22.11:807][  0]LogConfig: Setting CVar [[r.SSS.SampleSet:2]]
[2020.07.16-18.22.11:807][  0]LogConfig: Setting CVar [[r.SSS.Quality:1]]
[2020.07.16-18.22.11:807][  0]LogConfig: Setting CVar [[r.SSS.HalfRes:0]]
[2020.07.16-18.22.11:807][  0]LogConfig: Setting CVar [[r.SSGI.Quality:3]]
[2020.07.16-18.22.11:807][  0]LogConfig: Setting CVar [[r.EmitterSpawnRateScale:1.0]]
[2020.07.16-18.22.11:807][  0]LogConfig: Setting CVar [[r.ParticleLightQuality:2]]
[2020.07.16-18.22.11:807][  0]LogConfig: Setting CVar [[r.SkyAtmosphere.AerialPerspectiveLUT.FastApplyOnOpaque:1 ; Always have FastSkyLUT 1 in this case to avoid wrong sky]]
[2020.07.16-18.22.11:807][  0]LogConfig: Setting CVar [[r.SkyAtmosphere.AerialPerspectiveLUT.SampleCountPerSlice:1]]
[2020.07.16-18.22.11:807][  0]LogConfig: Setting CVar [[r.SkyAtmosphere.AerialPerspectiveLUT.DepthResolution:16.0]]
[2020.07.16-18.22.11:807][  0]LogConfig: Setting CVar [[r.SkyAtmosphere.FastSkyLUT:1]]
[2020.07.16-18.22.11:807][  0]LogConfig: Setting CVar [[r.SkyAtmosphere.FastSkyLUT.SampleCountMin:4.0]]
[2020.07.16-18.22.11:807][  0]LogConfig: Setting CVar [[r.SkyAtmosphere.FastSkyLUT.SampleCountMax:32.0]]
[2020.07.16-18.22.11:807][  0]LogConfig: Setting CVar [[r.SkyAtmosphere.SampleCountMin:4.0]]
[2020.07.16-18.22.11:807][  0]LogConfig: Setting CVar [[r.SkyAtmosphere.SampleCountMax:32.0]]
[2020.07.16-18.22.11:807][  0]LogConfig: Setting CVar [[r.SkyAtmosphere.TransmittanceLUT.UseSmallFormat:0]]
[2020.07.16-18.22.11:807][  0]LogConfig: Setting CVar [[r.SkyAtmosphere.TransmittanceLUT.SampleCount:10.0]]
[2020.07.16-18.22.11:807][  0]LogConfig: Setting CVar [[r.SkyAtmosphere.MultiScatteringLUT.SampleCount:15.0]]
[2020.07.16-18.22.11:807][  0]LogConfig: Applying CVar settings from Section [FoliageQuality@3] File [C:/Users/danpa/Documents/Unreal Projects/Unreal-MP/PuzzleMP/Saved/Config/Windows/Scalability.ini]
[2020.07.16-18.22.11:807][  0]LogConfig: Setting CVar [[foliage.DensityScale:1.0]]
[2020.07.16-18.22.11:807][  0]LogConfig: Setting CVar [[grass.DensityScale:1.0]]
[2020.07.16-18.22.11:807][  0]LogConfig: Applying CVar settings from Section [ShadingQuality@3] File [C:/Users/danpa/Documents/Unreal Projects/Unreal-MP/PuzzleMP/Saved/Config/Windows/Scalability.ini]
[2020.07.16-18.22.11:807][  0]LogConfig: Setting CVar [[r.HairStrands.SkyLighting.SampleCount:16]]
[2020.07.16-18.22.11:807][  0]LogConfig: Setting CVar [[r.HairStrands.SkyLighting.JitterIntegration:0]]
[2020.07.16-18.22.11:807][  0]LogConfig: Setting CVar [[r.HairStrands.SkyAO.SampleCount:16]]
[2020.07.16-18.22.11:807][  0]LogConfig: Setting CVar [[r.HairStrands.DeepShadow.SuperSampling:0]]
[2020.07.16-18.22.11:807][  0]LogConfig: Setting CVar [[r.HairStrands.VisibilityPPLL:0]]
[2020.07.16-18.22.11:807][  0]LogConfig: Setting CVar [[r.HairStrands.RasterizationScale:0.5]]
[2020.07.16-18.22.11:807][  0]LogConfig: Setting CVar [[r.HairStrands.VelocityRasterizationScale:1]]
[2020.07.16-18.22.11:807][  0]LogConfig: Applying CVar settings from Section [Startup] File [../../../Engine/Config/ConsoleVariables.ini]
[2020.07.16-18.22.11:812][  0]LogConfig: Setting CVar [[net.UseAdaptiveNetUpdateFrequency:0]]
[2020.07.16-18.22.11:812][  0]LogConfig: Setting CVar [[p.chaos.AllowCreatePhysxBodies:1]]
[2020.07.16-18.22.11:812][  0]LogConfig: Setting CVar [[fx.SkipVectorVMBackendOptimizations:1]]
[2020.07.16-18.22.11:812][  0]LogConfig: Applying CVar settings from Section [ConsoleVariables] File [C:/Users/danpa/Documents/Unreal Projects/Unreal-MP/PuzzleMP/Saved/Config/Windows/Engine.ini]
[2020.07.16-18.22.11:812][  0]LogInit: Computer: DESKTOP-LRG3F9H
[2020.07.16-18.22.11:812][  0]LogInit: User: danpa
[2020.07.16-18.22.11:812][  0]LogInit: CPU Page size=4096, Cores=4
[2020.07.16-18.22.11:812][  0]LogInit: High frequency timer resolution =10.000000 MHz
[2020.07.16-18.22.11:813][  0]LogMemory: Memory total: Physical=8.0GB (8GB approx)
[2020.07.16-18.22.11:813][  0]LogMemory: Platform Memory Stats for Windows
[2020.07.16-18.22.11:813][  0]LogMemory: Process Physical Memory: 114.60 MB used, 114.60 MB peak
[2020.07.16-18.22.11:813][  0]LogMemory: Process Virtual Memory: 96.21 MB used, 96.21 MB peak
[2020.07.16-18.22.11:813][  0]LogMemory: Physical Memory: 4727.75 MB used,  3416.77 MB free, 8144.52 MB total
[2020.07.16-18.22.11:813][  0]LogMemory: Virtual Memory: 5144.14 MB used,  134212584.00 MB free, 134217728.00 MB total
[2020.07.16-18.22.11:819][  0]LogWindows: WindowsPlatformFeatures enabled
[2020.07.16-18.22.11:860][  0]LogInit: Physics initialised using underlying interface: PhysX
[2020.07.16-18.22.11:862][  0]LogInit: Using OS detected language (en-US).
[2020.07.16-18.22.11:862][  0]LogInit: Using OS detected locale (en-US).
[2020.07.16-18.22.11:869][  0]LogTextLocalizationManager: No specific localization for 'en-US' exists, so the 'en' localization will be used.
[2020.07.16-18.22.12:205][  0]LogInit: Setting process to per monitor DPI aware
[2020.07.16-18.22.12:366][  0]LogSlate: New Slate User Created.  User Index 0, Is Virtual User: 0
[2020.07.16-18.22.12:366][  0]LogSlate: Slate User Registered.  User Index 0, Is Virtual User: 0
[2020.07.16-18.22.15:230][  0]LogHMD: Failed to initialize OpenVR with code 110
[2020.07.16-18.22.15:230][  0]LogD3D11RHI: D3D11 min allowed feature level: 11_0
[2020.07.16-18.22.15:230][  0]LogD3D11RHI: D3D11 max allowed feature level: 11_0
[2020.07.16-18.22.15:230][  0]LogD3D11RHI: D3D11 adapters:
[2020.07.16-18.22.15:299][  0]LogD3D11RHI:    0. 'NVIDIA GeForce GTX 960' (Feature Level 11_0)
[2020.07.16-18.22.15:299][  0]LogD3D11RHI:       4053/0/4072 MB DedicatedVideo/DedicatedSystem/SharedSystem, Outputs:1, VendorId:0x10de
[2020.07.16-18.22.15:302][  0]LogD3D11RHI:    1. 'Microsoft Basic Render Driver' (Feature Level 11_0)
[2020.07.16-18.22.15:302][  0]LogD3D11RHI:       0/0/4072 MB DedicatedVideo/DedicatedSystem/SharedSystem, Outputs:0, VendorId:0x1414
[2020.07.16-18.22.15:302][  0]LogD3D11RHI: Chosen D3D11 Adapter: 0
[2020.07.16-18.22.15:308][  0]LogD3D11RHI: Creating new Direct3DDevice
[2020.07.16-18.22.15:308][  0]LogD3D11RHI:     GPU DeviceId: 0x1401 (for the marketing name, search the web for "GPU Device Id")
[2020.07.16-18.22.15:308][  0]LogWindows: EnumDisplayDevices:
[2020.07.16-18.22.15:309][  0]LogWindows:    0. 'NVIDIA GeForce GTX 960' (P:1 D:1)
[2020.07.16-18.22.15:309][  0]LogWindows:    1. 'NVIDIA GeForce GTX 960' (P:0 D:0)
[2020.07.16-18.22.15:309][  0]LogWindows:    2. 'NVIDIA GeForce GTX 960' (P:0 D:0)
[2020.07.16-18.22.15:309][  0]LogWindows:    3. 'NVIDIA GeForce GTX 960' (P:0 D:0)
[2020.07.16-18.22.15:309][  0]LogWindows: DebugString: FoundDriverCount:4 
[2020.07.16-18.22.15:310][  0]LogD3D11RHI:     Adapter Name: NVIDIA GeForce GTX 960
[2020.07.16-18.22.15:310][  0]LogD3D11RHI:   Driver Version: 432.00 (internal:26.21.14.3200, unified:432.00)
[2020.07.16-18.22.15:310][  0]LogD3D11RHI:      Driver Date: 7-24-2019
[2020.07.16-18.22.15:310][  0]LogRHI: Texture pool is 2837 MB (70% of 4053 MB)
[2020.07.16-18.22.15:344][  0]LogD3D11RHI: RHI has support for 64 bit atomics
[2020.07.16-18.22.15:347][  0]LogD3D11RHI: [Aftermath] Enabled and primed
[2020.07.16-18.22.15:347][  0]LogD3D11RHI: Async texture creation enabled
[2020.07.16-18.22.15:347][  0]LogD3D11RHI: Array index from any shader is supported
[2020.07.16-18.22.15:409][  0]LogD3D11RHI: GPU Timing Frequency: 1000.000000 (Debug: 2 1)
[2020.07.16-18.22.15:737][  0]LogTargetPlatformManager: Display: Loaded TargetPlatform 'AllDesktop'
[2020.07.16-18.22.15:758][  0]LogTargetPlatformManager: Display: Loaded TargetPlatform 'Android'
[2020.07.16-18.22.15:759][  0]LogTargetPlatformManager: Display: Loaded TargetPlatform 'Android_ASTC'
[2020.07.16-18.22.15:759][  0]LogTargetPlatformManager: Display: Loaded TargetPlatform 'Android_DXT'
[2020.07.16-18.22.15:759][  0]LogTargetPlatformManager: Display: Loaded TargetPlatform 'Android_ETC2'
[2020.07.16-18.22.15:759][  0]LogTargetPlatformManager: Display: Loaded TargetPlatform 'AndroidClient'
[2020.07.16-18.22.15:759][  0]LogTargetPlatformManager: Display: Loaded TargetPlatform 'Android_ASTCClient'
[2020.07.16-18.22.15:759][  0]LogTargetPlatformManager: Display: Loaded TargetPlatform 'Android_DXTClient'
[2020.07.16-18.22.15:759][  0]LogTargetPlatformManager: Display: Loaded TargetPlatform 'Android_ETC2Client'
[2020.07.16-18.22.15:759][  0]LogTargetPlatformManager: Display: Loaded TargetPlatform 'Android_Multi'
[2020.07.16-18.22.15:759][  0]LogTargetPlatformManager: Display: Loaded TargetPlatform 'Android_MultiClient'
[2020.07.16-18.22.15:789][  0]LogTargetPlatformManager: Display: Loaded TargetPlatform 'IOSClient'
[2020.07.16-18.22.15:789][  0]LogTargetPlatformManager: Display: Loaded TargetPlatform 'IOS'
[2020.07.16-18.22.15:807][  0]LogTargetPlatformManager: Display: Loaded TargetPlatform 'Linux'
[2020.07.16-18.22.15:816][  0]LogTargetPlatformManager: Display: Loaded TargetPlatform 'LinuxNoEditor'
[2020.07.16-18.22.15:826][  0]LogTargetPlatformManager: Display: Loaded TargetPlatform 'LinuxClient'
[2020.07.16-18.22.15:835][  0]LogTargetPlatformManager: Display: Loaded TargetPlatform 'LinuxServer'
[2020.07.16-18.22.15:843][  0]LogTargetPlatformManager: Display: Loaded TargetPlatform 'LinuxAArch64NoEditor'
[2020.07.16-18.22.15:852][  0]LogTargetPlatformManager: Display: Loaded TargetPlatform 'LinuxAArch64Client'
[2020.07.16-18.22.15:860][  0]LogTargetPlatformManager: Display: Loaded TargetPlatform 'LinuxAArch64Server'
[2020.07.16-18.22.15:887][  0]LogTargetPlatformManager: Display: Loaded TargetPlatform 'Lumin'
[2020.07.16-18.22.15:887][  0]LogTargetPlatformManager: Display: Loaded TargetPlatform 'LuminClient'
[2020.07.16-18.22.15:900][  0]LogTargetPlatformManager: Display: Loaded TargetPlatform 'TVOSClient'
[2020.07.16-18.22.15:900][  0]LogTargetPlatformManager: Display: Loaded TargetPlatform 'TVOS'
[2020.07.16-18.22.15:909][  0]LogTargetPlatformManager: Display: Loaded TargetPlatform 'WindowsNoEditor'
[2020.07.16-18.22.15:917][  0]LogTargetPlatformManager: Display: Loaded TargetPlatform 'Windows'
[2020.07.16-18.22.15:926][  0]LogTargetPlatformManager: Display: Loaded TargetPlatform 'WindowsClient'
[2020.07.16-18.22.15:935][  0]LogTargetPlatformManager: Display: Loaded TargetPlatform 'WindowsServer'
[2020.07.16-18.22.15:935][  0]LogTargetPlatformManager: Display: Building Assets For Windows
[2020.07.16-18.22.15:943][  0]LogAudioDebug: Display: Lib vorbis DLL was dynamically loaded.
[2020.07.16-18.22.16:005][  0]LogShaderCompilers: Guid format shader working directory is -14 characters bigger than the processId version (C:/Users/danpa/Documents/Unreal Projects/Unreal-MP/PuzzleMP/Intermediate/Shaders/WorkingDirectory/10720/).
[2020.07.16-18.22.16:005][  0]LogShaderCompilers: Cleaned the shader compiler working directory 'C:/Users/danpa/AppData/Local/Temp/UnrealShaderWorkingDir/A8042E2449865B4F010B028F494F70CD/'.
[2020.07.16-18.22.16:006][  0]LogXGEController: Cannot use XGE Controller as Incredibuild is not installed on this machine.
[2020.07.16-18.22.16:006][  0]LogShaderCompilers: Cannot use XGE Shader Compiler as Incredibuild is not installed on this machine.
[2020.07.16-18.22.16:006][  0]LogShaderCompilers: Display: Using Local Shader Compiler.
[2020.07.16-18.22.18:921][  0]LogDerivedDataCache: Display: Max Cache Size: 512 MB
[2020.07.16-18.22.19:162][  0]LogDerivedDataCache: Loaded boot cache 0.24s 80MB C:/Users/danpa/AppData/Local/UnrealEngine/4.25/DerivedDataCache/Boot.ddc.
[2020.07.16-18.22.19:162][  0]LogDerivedDataCache: Display: Loaded Boot cache: C:/Users/danpa/AppData/Local/UnrealEngine/4.25/DerivedDataCache/Boot.ddc
[2020.07.16-18.22.19:162][  0]LogDerivedDataCache: FDerivedDataBackendGraph:  Pak pak cache file C:/Users/danpa/Documents/Unreal Projects/Unreal-MP/PuzzleMP/DerivedDataCache/DDC.ddp not found, will not use a pak cache.
[2020.07.16-18.22.19:162][  0]LogDerivedDataCache: Unable to find inner node Pak for hierarchical cache Hierarchy.
[2020.07.16-18.22.19:162][  0]LogDerivedDataCache: FDerivedDataBackendGraph:  CompressedPak pak cache file C:/Users/danpa/Documents/Unreal Projects/Unreal-MP/PuzzleMP/DerivedDataCache/Compressed.ddp not found, will not use a pak cache.
[2020.07.16-18.22.19:162][  0]LogDerivedDataCache: Unable to find inner node CompressedPak for hierarchical cache Hierarchy.
[2020.07.16-18.22.19:182][  0]LogDerivedDataCache: Display: Pak cache opened for reading ../../../Engine/DerivedDataCache/Compressed.ddp.
[2020.07.16-18.22.19:182][  0]LogDerivedDataCache: FDerivedDataBackendGraph:  EnterprisePak pak cache file ../../../Enterprise/DerivedDataCache/Compressed.ddp not found, will not use a pak cache.
[2020.07.16-18.22.19:182][  0]LogDerivedDataCache: Unable to find inner node EnterprisePak for hierarchical cache Hierarchy.
[2020.07.16-18.22.19:183][  0]LogDerivedDataCache: Using Local data cache path C:/Users/danpa/AppData/Local/UnrealEngine/Common/DerivedDataCache: Writable
[2020.07.16-18.22.19:183][  0]LogDerivedDataCache: Shared data cache path not found in *engine.ini, will not use an Shared cache.
[2020.07.16-18.22.19:183][  0]LogDerivedDataCache: Unable to find inner node Shared for hierarchical cache Hierarchy.
[2020.07.16-18.22.19:230][  0]LogSlate: Using FreeType 2.10.0
[2020.07.16-18.22.19:246][  0]LogSlate: SlateFontServices - WITH_FREETYPE: 1, WITH_HARFBUZZ: 1
[2020.07.16-18.22.19:294][  0]LogAssetRegistry: FAssetRegistry took 0.0022 seconds to start up
[2020.07.16-18.22.19:502][  0]LogInit: Selected Device Profile: [Windows]
[2020.07.16-18.22.19:612][  0]LogMeshReduction: Using QuadricMeshReduction for automatic static mesh reduction
[2020.07.16-18.22.19:612][  0]LogMeshReduction: Using SimplygonMeshReduction for automatic skeletal mesh reduction
[2020.07.16-18.22.19:612][  0]LogMeshReduction: Using ProxyLODMeshReduction for automatic mesh merging
[2020.07.16-18.22.19:612][  0]LogMeshReduction: No distributed automatic mesh merging module available
[2020.07.16-18.22.19:612][  0]LogMeshMerging: No distributed automatic mesh merging module available
[2020.07.16-18.22.19:625][  0]LogNetVersion: PuzzleMP 1.0.0, NetCL: 13144385, EngineNetVer: 14, GameNetVer: 0 (Checksum: 2719754435)
[2020.07.16-18.22.20:342][  0]LogAISub: UAISubsystem::UAISubsystem AISubsystem (000001E7FA403880), frame # 0
[2020.07.16-18.22.20:342][  0]LogAISub: UAISubsystem::UAISubsystem AIPerceptionSystem (000001E7FA4287C0), frame # 0
[2020.07.16-18.22.20:343][  0]LogAISub: UAISubsystem::UAISubsystem EnvQueryManager (000001E7FA44A000), frame # 0
[2020.07.16-18.22.20:408][  0]LogPackageLocalizationCache: Processed 19 localized package path(s) for 1 prioritized culture(s) in 0.059703 seconds
[2020.07.16-18.22.20:415][  0]LogUObjectArray: 15917 objects as part of root set at end of initial load.
[2020.07.16-18.22.20:415][  0]LogUObjectAllocator: 3965568 out of 0 bytes used by permanent object pool.
[2020.07.16-18.22.20:415][  0]LogUObjectArray: CloseDisregardForGC: 0/0 objects in disregard for GC pool
[2020.07.16-18.22.20:839][  0]LogTcpMessaging: Initializing TcpMessaging bridge
[2020.07.16-18.22.20:883][  0]LogUdpMessaging: Initializing bridge on interface 0.0.0.0:0 to multicast group 230.0.0.1:6666.
[2020.07.16-18.22.21:337][  0]SourceControl: Source control is disabled
[2020.07.16-18.22.21:337][  0]SourceControl: Source control is disabled
[2020.07.16-18.22.21:341][  0]SourceControl: Source control is disabled
[2020.07.16-18.22.21:344][  0]SourceControl: Source control is disabled
[2020.07.16-18.22.21:351][  0]SourceControl: Source control is disabled
[2020.07.16-18.22.21:616][  0]LogAndroidPermission: UAndroidPermissionCallbackProxy::GetInstance
[2020.07.16-18.22.21:643][  0]LogAudioCaptureCore: Display: No Audio Capture implementations found. Audio input will be silent.
[2020.07.16-18.22.21:643][  0]LogAudioCaptureCore: Display: No Audio Capture implementations found. Audio input will be silent.
[2020.07.16-18.22.21:704][  0]LogOcInput: OculusInput pre-init called
[2020.07.16-18.22.21:714][  0]LogWindows: Failed to load 'OVRPlugin.dll' (GetLastError=126)
[2020.07.16-18.22.21:714][  0]LogWindows: File 'OVRPlugin.dll' does not exist
[2020.07.16-18.22.21:778][  0]LogEngine: Initializing Engine...
[2020.07.16-18.22.21:780][  0]LogHMD: Failed to initialize OpenVR with code 110
[2020.07.16-18.22.21:780][  0]LogMagicLeap: Warning: VR disabled because ZI is not enabled.  To enable, in the editor, Edit -> Project Settings -> Plugins -> Magic Leap Plugin -> Enable Zero Iteration
[2020.07.16-18.22.21:781][  0]LogStats: UGameplayTagsManager::InitializeManager -  0.000 s
[2020.07.16-18.22.21:920][  0]LogInit: Initializing FReadOnlyCVARCache
[2020.07.16-18.22.21:932][  0]LogAIModule: Creating AISystem for world Untitled
[2020.07.16-18.22.21:932][  0]LogAISub: UAISubsystem::UAISubsystem EnvQueryManager (000001E780D4FC00), frame # 0
[2020.07.16-18.22.21:932][  0]LogAISub: UAISubsystem::UAISubsystem AIPerceptionSystem (000001E780DC07C0), frame # 0
[2020.07.16-18.22.21:958][  0]LogAudioMixer: Display: Audio Mixer Platform Settings:
[2020.07.16-18.22.21:958][  0]LogAudioMixer: Display: 	Sample Rate:						  48000
[2020.07.16-18.22.21:958][  0]LogAudioMixer: Display: 	Callback Buffer Frame Size Requested: 1024
[2020.07.16-18.22.21:958][  0]LogAudioMixer: Display: 	Callback Buffer Frame Size To Use:	  1024
[2020.07.16-18.22.21:958][  0]LogAudioMixer: Display: 	Number of buffers to queue:			  2
[2020.07.16-18.22.21:958][  0]LogAudioMixer: Display: 	Max Channels (voices):				  32
[2020.07.16-18.22.21:958][  0]LogAudioMixer: Display: 	Number of Async Source Workers:		  0
[2020.07.16-18.22.21:958][  0]LogAudio: Display: AudioDevice MaxSources: 32
[2020.07.16-18.22.21:959][  0]LogAudio: Display: Using built-in audio occlusion.
[2020.07.16-18.22.21:959][  0]LogAudioMixer: Display: Initializing audio mixer.
[2020.07.16-18.22.21:972][  0]LogAudioMixer: Display: 0: FrontLeft
[2020.07.16-18.22.21:972][  0]LogAudioMixer: Display: 1: FrontRight
[2020.07.16-18.22.21:972][  0]LogAudioMixer: Display: 2: FrontCenter
[2020.07.16-18.22.21:972][  0]LogAudioMixer: Display: 3: LowFrequency
[2020.07.16-18.22.21:972][  0]LogAudioMixer: Display: 4: BackLeft
[2020.07.16-18.22.21:972][  0]LogAudioMixer: Display: 5: BackRight
[2020.07.16-18.22.21:972][  0]LogAudioMixer: Display: 6: SideLeft
[2020.07.16-18.22.21:972][  0]LogAudioMixer: Display: 7: SideRight
[2020.07.16-18.22.22:019][  0]LogAudioMixer: Display: Using Audio Device Speakers (Logitech PRO X Gaming Headset)
[2020.07.16-18.22.22:023][  0]LogAudioMixer: Display: Initializing Sound Submixes...
[2020.07.16-18.22.22:025][  0]LogAudioMixer: Display: Creating Master Submix 'MasterSubmixDefault'
[2020.07.16-18.22.22:025][  0]LogAudioMixer: Display: Creating Master Submix 'MasterReverbSubmixDefault'
[2020.07.16-18.22.22:026][  0]LogAudioMixer: Display: Creating Master Submix 'MasterEQSubmixDefault'
[2020.07.16-18.22.22:027][  0]LogInit: FAudioDevice initialized.
[2020.07.16-18.22.22:028][  0]LogNetVersion: Set ProjectVersion to 1.0.0.0. Version Checksum will be recalculated on next use.
[2020.07.16-18.22.22:126][  0]LogDerivedDataCache: Saved boot cache 0.10s 79MB C:/Users/danpa/AppData/Local/UnrealEngine/4.25/DerivedDataCache/Boot.ddc.
[2020.07.16-18.22.22:130][  0]LogInit: Texture streaming: Enabled
[2020.07.16-18.22.22:147][  0]LogEngineSessionManager: EngineSessionManager initialized
[2020.07.16-18.22.22:147][  0]LogEditorSessionSummary: Verbose: Initializing EditorSessionSummaryWriter for editor session tracking
[2020.07.16-18.22.22:150][  0]LogEditorSessionSummary: EditorSessionSummaryWriter initialized
[2020.07.16-18.22.22:174][  0]LogInit: Transaction tracking system initialized
[2020.07.16-18.22.22:204][  0]BlueprintLog: New page: Editor Load
[2020.07.16-18.22.22:336][  0]LocalizationService: Localization service is disabled
[2020.07.16-18.22.22:550][  0]LogCook: Display: Max memory allowance for cook 16384mb min free memory 0mb
[2020.07.16-18.22.22:550][  0]LogCook: Display: Mobile HDR setting 1
[2020.07.16-18.22.22:712][  0]LogFileCache: Scanning file cache for directory 'C:/Users/danpa/Documents/Unreal Projects/Unreal-MP/PuzzleMP/Content/' took 0.00s
[2020.07.16-18.22.22:944][  0]SourceControl: Source control is disabled
[2020.07.16-18.22.22:944][  0]LogUnrealEdMisc: Loading editor; pre map load, took 15.397
[2020.07.16-18.22.22:944][  0]Cmd: MAP LOAD FILE="C:/Users/danpa/Documents/Unreal Projects/Unreal-MP/PuzzleMP/Content/ThirdPersonCPP/Maps/ThirdPersonExampleMap.umap" TEMPLATE=0 SHOWPROGRESS=1 FEATURELEVEL=3
[2020.07.16-18.22.22:950][  0]LightingResults: New page: Lighting Build
[2020.07.16-18.22.22:951][  0]LogWorld: UWorld::CleanupWorld for Untitled, bSessionEnded=true, bCleanupResources=true
[2020.07.16-18.22.22:952][  0]LogSlate: InvalidateAllWidgets triggered.  All widgets were invalidated
[2020.07.16-18.22.22:952][  0]MapCheck: New page: Map Check
[2020.07.16-18.22.22:952][  0]LightingResults: New page: Lighting Build
[2020.07.16-18.22.22:962][  0]LogAISub: UAISubsystem::~UAISubsystem EnvQueryManager (000001E780D4FC00), frame # 0
[2020.07.16-18.22.22:963][  0]LogAISub: UAISubsystem::~UAISubsystem AIPerceptionSystem (000001E780DC07C0), frame # 0
[2020.07.16-18.22.22:963][  0]LogUObjectHash: Compacting FUObjectHashTables data took   0.74ms
[2020.07.16-18.22.23:178][  0]LogAIModule: Creating AISystem for world ThirdPersonExampleMap
[2020.07.16-18.22.23:178][  0]LogAISub: UAISubsystem::UAISubsystem EnvQueryManager (000001E788788400), frame # 0
[2020.07.16-18.22.23:178][  0]LogAISub: UAISubsystem::UAISubsystem AIPerceptionSystem (000001E780B042C0), frame # 0
[2020.07.16-18.22.23:205][  0]LogEditorServer: Finished looking for orphan Actors (0.000 secs)
[2020.07.16-18.22.23:217][  0]LogUObjectHash: Compacting FUObjectHashTables data took   1.21ms
[2020.07.16-18.22.23:217][  0]Cmd: MAP CHECKDEP NOCLEARLOG
[2020.07.16-18.22.23:218][  0]MapCheck: Map check complete: 0 Error(s), 0 Warning(s), took 0.242ms to complete.
[2020.07.16-18.22.23:218][  0]LogFileHelpers: Loading map 'ThirdPersonExampleMap' took 0.274
[2020.07.16-18.22.23:222][  0]LogUnrealEdMisc: Total Editor Startup Time, took 15.675
[2020.07.16-18.22.23:446][  0]LogSlate: Updating window title bar state: overlay mode, drag disabled, window buttons hidden, title bar hidden
[2020.07.16-18.22.23:457][  0]LogSlate: Updating window title bar state: overlay mode, drag disabled, window buttons hidden, title bar hidden
[2020.07.16-18.22.23:467][  0]LogSlate: Updating window title bar state: overlay mode, drag disabled, window buttons hidden, title bar hidden
[2020.07.16-18.22.23:476][  0]LogSlate: Updating window title bar state: overlay mode, drag disabled, window buttons hidden, title bar hidden
[2020.07.16-18.22.23:494][  0]LogCollectionManager: Loaded 0 collections in 0.000914 seconds
[2020.07.16-18.22.23:537][  0]LogFileCache: Scanning file cache for directory 'C:/Users/danpa/Documents/Unreal Projects/Unreal-MP/PuzzleMP/Saved/Collections/' took 0.00s
[2020.07.16-18.22.23:537][  0]LogFileCache: Scanning file cache for directory 'C:/Users/danpa/Documents/Unreal Projects/Unreal-MP/PuzzleMP/Content/Developers/danpa/Collections/' took 0.00s
[2020.07.16-18.22.23:537][  0]LogFileCache: Scanning file cache for directory 'C:/Users/danpa/Documents/Unreal Projects/Unreal-MP/PuzzleMP/Content/Collections/' took 0.00s
[2020.07.16-18.22.23:537][  0]LogContentBrowser: Native class hierarchy populated in 0.0135 seconds. Added 3429 classes and 823 folders.
[2020.07.16-18.22.23:547][  0]LogContentBrowser: Native class hierarchy updated for 'WidgetCarousel' in 0.0003 seconds. Added 0 classes and 0 folders.
[2020.07.16-18.22.23:940][  0]LogContentBrowser: Native class hierarchy updated for 'AddContentDialog' in 0.0004 seconds. Added 0 classes and 0 folders.
[2020.07.16-18.22.23:946][  0]LogContentBrowser: Native class hierarchy updated for 'SceneOutliner' in 0.0006 seconds. Added 2 classes and 0 folders.
[2020.07.16-18.22.24:038][  0]LogSlate: Took 0.006942 seconds to synchronously load lazily loaded font '../../../Engine/Content/Slate/Fonts/Roboto-Regular.ttf' (155K)
[2020.07.16-18.22.24:046][  0]LogSlate: Took 0.006153 seconds to synchronously load lazily loaded font '../../../Engine/Content/Slate/Fonts/Roboto-Bold.ttf' (160K)
[2020.07.16-18.22.24:060][  0]LogSlate: Took 0.006237 seconds to synchronously load lazily loaded font '../../../Engine/Content/Editor/Slate/Fonts/FontAwesome.ttf' (139K)
[2020.07.16-18.22.24:186][  0]LogRenderer: Reallocating scene render targets to support 1208x572 Format 10 NumSamples 1 (Frame:1).
[2020.07.16-18.22.24:361][  0]LogContentBrowser: Native class hierarchy updated for 'HierarchicalLODOutliner' in 0.0005 seconds. Added 0 classes and 0 folders.
[2020.07.16-18.22.24:361][  0]LogLoad: (Engine Initialization) Total time: 16.81 seconds
[2020.07.16-18.22.24:361][  0]LogLoad: (Engine Initialization) Total Blueprint compile time: 0.00 seconds
[2020.07.16-18.22.24:419][  0]LogContentStreaming: Texture pool size now 1000 MB
[2020.07.16-18.22.24:467][  0]LogSlate: Took 0.007910 seconds to synchronously load lazily loaded font '../../../Engine/Content/Slate/Fonts/Roboto-Light.ttf' (167K)
[2020.07.16-18.22.37:702][385]LogAssetRegistry: Asset discovery search completed in 18.4092 seconds
[2020.07.16-18.22.37:714][385]LogCollectionManager: Fixed up redirectors for 0 collections in 0.000003 seconds (updated 0 objects)
[2020.07.16-18.23.47:992][748]LogTemp: Repeating last play command: Selected Viewport
[2020.07.16-18.23.48:000][748]LogPlayLevel: PlayLevel: No blueprints needed recompiling
[2020.07.16-18.23.48:006][748]PIE: New page: PIE session: ThirdPersonExampleMap (Jul 16, 2020, 10:23:48 AM)
[2020.07.16-18.23.48:008][748]LogOnline: OSS: Creating online subsystem instance for: NULL
[2020.07.16-18.23.48:010][748]LogOnline: OSS: TryLoadSubsystemAndSetDefault: Loaded subsystem for module [NULL]
[2020.07.16-18.23.48:011][748]LogPlayLevel: Creating play world package: /Game/ThirdPersonCPP/Maps/UEDPIE_0_ThirdPersonExampleMap
[2020.07.16-18.23.48:034][748]LogPlayLevel: PIE: StaticDuplicateObject took: (0.022544s)
[2020.07.16-18.23.48:036][748]LogAIModule: Creating AISystem for world ThirdPersonExampleMap
[2020.07.16-18.23.48:036][748]LogAISub: UAISubsystem::UAISubsystem EnvQueryManager (000001E79B807E00), frame # 9748
[2020.07.16-18.23.48:036][748]LogAISub: UAISubsystem::UAISubsystem AIPerceptionSystem (000001E79B8AA340), frame # 9748
[2020.07.16-18.23.48:037][748]LogPlayLevel: PIE: World Init took: (0.002781s)
[2020.07.16-18.23.48:037][748]LogPlayLevel: PIE: Created PIE world by copying editor world from /Game/ThirdPersonCPP/Maps/ThirdPersonExampleMap.ThirdPersonExampleMap to /Game/ThirdPersonCPP/Maps/UEDPIE_0_ThirdPersonExampleMap.ThirdPersonExampleMap (0.025788s)
[2020.07.16-18.23.48:048][748]LogUObjectHash: Compacting FUObjectHashTables data took   1.03ms
[2020.07.16-18.23.48:053][748]LogAudioMixer: Display: Audio Mixer Platform Settings:
[2020.07.16-18.23.48:053][748]LogAudioMixer: Display: 	Sample Rate:						  48000
[2020.07.16-18.23.48:053][748]LogAudioMixer: Display: 	Callback Buffer Frame Size Requested: 1024
[2020.07.16-18.23.48:053][748]LogAudioMixer: Display: 	Callback Buffer Frame Size To Use:	  1024
[2020.07.16-18.23.48:053][748]LogAudioMixer: Display: 	Number of buffers to queue:			  2
[2020.07.16-18.23.48:053][748]LogAudioMixer: Display: 	Max Channels (voices):				  32
[2020.07.16-18.23.48:053][748]LogAudioMixer: Display: 	Number of Async Source Workers:		  0
[2020.07.16-18.23.48:053][748]LogAudio: Display: AudioDevice MaxSources: 32
[2020.07.16-18.23.48:054][748]LogAudio: Display: Using built-in audio occlusion.
[2020.07.16-18.23.48:054][748]LogAudioMixer: Display: Initializing audio mixer.
[2020.07.16-18.23.48:058][748]LogAudioMixer: Display: 0: FrontLeft
[2020.07.16-18.23.48:058][748]LogAudioMixer: Display: 1: FrontRight
[2020.07.16-18.23.48:058][748]LogAudioMixer: Display: 2: FrontCenter
[2020.07.16-18.23.48:058][748]LogAudioMixer: Display: 3: LowFrequency
[2020.07.16-18.23.48:058][748]LogAudioMixer: Display: 4: BackLeft
[2020.07.16-18.23.48:058][748]LogAudioMixer: Display: 5: BackRight
[2020.07.16-18.23.48:058][748]LogAudioMixer: Display: 6: SideLeft
[2020.07.16-18.23.48:058][748]LogAudioMixer: Display: 7: SideRight
[2020.07.16-18.23.48:081][748]LogAudioMixer: Display: Using Audio Device Speakers (Logitech PRO X Gaming Headset)
[2020.07.16-18.23.48:081][748]LogAudioMixer: Display: Initializing Sound Submixes...
[2020.07.16-18.23.48:081][748]LogAudioMixer: Display: Creating Master Submix 'MasterSubmixDefault'
[2020.07.16-18.23.48:081][748]LogAudioMixer: Display: Creating Master Submix 'MasterReverbSubmixDefault'
[2020.07.16-18.23.48:082][748]LogAudioMixer: Display: Creating Master Submix 'MasterEQSubmixDefault'
[2020.07.16-18.23.48:094][748]LogInit: FAudioDevice initialized.
[2020.07.16-18.23.48:103][748]LogLoad: Game class is 'PuzzleMPGameMode'
[2020.07.16-18.23.48:113][748]LogWorld: Bringing World /Game/ThirdPersonCPP/Maps/UEDPIE_0_ThirdPersonExampleMap.ThirdPersonExampleMap up for play (max tick rate 0) at 2020.07.16-14.23.48
[2020.07.16-18.23.48:115][748]LogWorld: Bringing up level for play took: 0.003485
[2020.07.16-18.23.48:116][748]LogOnline: OSS: Creating online subsystem instance for: :Context_1
[2020.07.16-18.23.48:133][748]LogContentBrowser: Native class hierarchy updated for 'MovieSceneCapture' in 0.0004 seconds. Added 20 classes and 0 folders.
[2020.07.16-18.23.48:137][748]LogNet: ReplicationDriverClass is null! Not using ReplicationDriver.
[2020.07.16-18.23.48:137][748]LogNetCore: DDoS detection status: detection enabled: 0 analytics enabled: 0
[2020.07.16-18.23.48:138][748]LogInit: WinSock: Socket queue. Rx: 131072 (config 131072) Tx: 131072 (config 131072)
[2020.07.16-18.23.48:138][748]LogNet: Created socket for bind address: 0.0.0.0 on port 17777
[2020.07.16-18.23.48:138][748]PacketHandlerLog: Loaded PacketHandler component: Engine.EngineHandlerComponentFactory (StatelessConnectHandlerComponent)
[2020.07.16-18.23.48:140][748]LogNet: GameNetDriver IpNetDriver_0 IpNetDriver listening on port 17777
[2020.07.16-18.23.48:143][748]PIE: Server logged in
[2020.07.16-18.23.48:144][748]PIE: Play in editor total start time 0.147 seconds.
[2020.07.16-18.23.48:145][748]LogAudioMixer: Display: Audio Mixer Platform Settings:
[2020.07.16-18.23.48:145][748]LogAudioMixer: Display: 	Sample Rate:						  48000
[2020.07.16-18.23.48:145][748]LogAudioMixer: Display: 	Callback Buffer Frame Size Requested: 1024
[2020.07.16-18.23.48:145][748]LogAudioMixer: Display: 	Callback Buffer Frame Size To Use:	  1024
[2020.07.16-18.23.48:145][748]LogAudioMixer: Display: 	Number of buffers to queue:			  2
[2020.07.16-18.23.48:145][748]LogAudioMixer: Display: 	Max Channels (voices):				  32
[2020.07.16-18.23.48:145][748]LogAudioMixer: Display: 	Number of Async Source Workers:		  0
[2020.07.16-18.23.48:145][748]LogAudio: Display: AudioDevice MaxSources: 32
[2020.07.16-18.23.48:146][748]LogAudio: Display: Using built-in audio occlusion.
[2020.07.16-18.23.48:146][748]LogAudioMixer: Display: Initializing audio mixer.
[2020.07.16-18.23.48:149][748]LogAudioMixer: Display: 0: FrontLeft
[2020.07.16-18.23.48:149][748]LogAudioMixer: Display: 1: FrontRight
[2020.07.16-18.23.48:149][748]LogAudioMixer: Display: 2: FrontCenter
[2020.07.16-18.23.48:149][748]LogAudioMixer: Display: 3: LowFrequency
[2020.07.16-18.23.48:149][748]LogAudioMixer: Display: 4: BackLeft
[2020.07.16-18.23.48:149][748]LogAudioMixer: Display: 5: BackRight
[2020.07.16-18.23.48:149][748]LogAudioMixer: Display: 6: SideLeft
[2020.07.16-18.23.48:149][748]LogAudioMixer: Display: 7: SideRight
[2020.07.16-18.23.48:166][748]LogAudioMixer: Display: Using Audio Device Speakers (Logitech PRO X Gaming Headset)
[2020.07.16-18.23.48:166][748]LogAudioMixer: Display: Initializing Sound Submixes...
[2020.07.16-18.23.48:166][748]LogAudioMixer: Display: Creating Master Submix 'MasterSubmixDefault'
[2020.07.16-18.23.48:167][748]LogAudioMixer: Display: Creating Master Submix 'MasterReverbSubmixDefault'
[2020.07.16-18.23.48:167][748]LogAudioMixer: Display: Creating Master Submix 'MasterEQSubmixDefault'
[2020.07.16-18.23.48:179][748]LogInit: FAudioDevice initialized.
[2020.07.16-18.23.48:220][748]LogSlate: Updating window title bar state: overlay mode, drag disabled, window buttons hidden, title bar hidden
[2020.07.16-18.23.48:221][748]LogNet: Browse: 127.0.0.1:17777//Game/ThirdPersonCPP/Maps/ThirdPersonExampleMap
[2020.07.16-18.23.48:222][748]LogInit: WinSock: Socket queue. Rx: 32768 (config 32768) Tx: 32768 (config 32768)
[2020.07.16-18.23.48:222][748]LogNet: Created socket for bind address: 0.0.0.0 on port 0
[2020.07.16-18.23.48:223][748]PacketHandlerLog: Loaded PacketHandler component: Engine.EngineHandlerComponentFactory (StatelessConnectHandlerComponent)
[2020.07.16-18.23.48:224][748]LogNet: Game client on port 17777, rate 10000
[2020.07.16-18.23.48:228][748]PIE: Client logged in
[2020.07.16-18.23.48:230][748]PIE: Play in editor total start time 0.233 seconds.
[2020.07.16-18.23.49:239][854]LogNet: NotifyAcceptingConnection accepted from: 127.0.0.1:60909
[2020.07.16-18.23.49:241][854]LogHandshake: SendConnectChallenge. Timestamp: 1.255170, Cookie: 044133203164191186024037040240223060236175079022206103149215
[2020.07.16-18.23.49:242][854]LogHandshake: SendChallengeResponse. Timestamp: 1.255170, Cookie: 044133203164191186024037040240223060236175079022206103149215
[2020.07.16-18.23.49:248][855]LogNet: NotifyAcceptingConnection accepted from: 127.0.0.1:60909
[2020.07.16-18.23.49:248][855]LogHandshake: SendChallengeAck. InCookie: 044133203164191186024037040240223060236175079022206103149215
[2020.07.16-18.23.49:248][855]LogNet: Server accepting post-challenge connection from: 127.0.0.1:60909
[2020.07.16-18.23.49:249][855]PacketHandlerLog: Loaded PacketHandler component: Engine.EngineHandlerComponentFactory (StatelessConnectHandlerComponent)
[2020.07.16-18.23.49:249][855]LogNet: NotifyAcceptedConnection: Name: ThirdPersonExampleMap, TimeStamp: 07/16/20 14:23:49, [UNetConnection] RemoteAddr: 127.0.0.1:60909, Name: IpConnection_1, Driver: GameNetDriver IpNetDriver_0, IsServer: YES, PC: NULL, Owner: NULL, UniqueId: INVALID
[2020.07.16-18.23.49:249][855]LogNet: AddClientConnection: Added client connection: [UNetConnection] RemoteAddr: 127.0.0.1:60909, Name: IpConnection_1, Driver: GameNetDriver IpNetDriver_0, IsServer: YES, PC: NULL, Owner: NULL, UniqueId: INVALID
[2020.07.16-18.23.49:250][855]LogNetVersion: PuzzleMP 1.0.0.0, NetCL: 13144385, EngineNetVer: 14, GameNetVer: 0 (Checksum: 1739385690)
[2020.07.16-18.23.49:250][855]LogNet: UPendingNetGame::SendInitialJoin: Sending hello. [UNetConnection] RemoteAddr: 127.0.0.1:17777, Name: IpConnection_0, Driver: PendingNetDriver IpNetDriver_1, IsServer: NO, PC: NULL, Owner: NULL, UniqueId: INVALID
[2020.07.16-18.23.49:256][856]LogNet: NotifyAcceptingChannel Control 0 server World /Game/ThirdPersonCPP/Maps/UEDPIE_0_ThirdPersonExampleMap.ThirdPersonExampleMap: Accepted
[2020.07.16-18.23.49:257][856]LogNet: Remote platform little endian=1
[2020.07.16-18.23.49:257][856]LogNet: This platform little endian=1
[2020.07.16-18.23.49:258][856]LogOnline: OSS: Creating online subsystem instance for: :Context_2
[2020.07.16-18.23.49:265][857]LogNet: Login request: ?Name=DESKTOP-LRG3F9H-7F17C56D4F450490A9506EA1DB3336EB userId: NULL:DESKTOP-LRG3F9H-7F17C56D4F450490A9506EA1DB3336EB platform: NULL
[2020.07.16-18.23.49:266][857]LogNet: Welcomed by server (Level: /Game/ThirdPersonCPP/Maps/UEDPIE_0_ThirdPersonExampleMap, Game: /Script/PuzzleMP.PuzzleMPGameMode)
[2020.07.16-18.23.49:266][857]LogLoad: LoadMap: 127.0.0.1:17777//Game/ThirdPersonCPP/Maps/UEDPIE_0_ThirdPersonExampleMap?game=/Script/PuzzleMP.PuzzleMPGameMode
[2020.07.16-18.23.49:266][857]LogWorld: BeginTearingDown for /Temp/Untitled_1
[2020.07.16-18.23.49:266][857]LogWorld: UWorld::CleanupWorld for Untitled, bSessionEnded=true, bCleanupResources=true
[2020.07.16-18.23.49:267][857]LogSlate: InvalidateAllWidgets triggered.  All widgets were invalidated
[2020.07.16-18.23.49:276][857]LogUObjectHash: Compacting FUObjectHashTables data took   0.53ms
[2020.07.16-18.23.49:295][857]LogAIModule: Creating AISystem for world ThirdPersonExampleMap
[2020.07.16-18.23.49:295][857]LogAISub: UAISubsystem::UAISubsystem EnvQueryManager (000001E79A70BE00), frame # 9857
[2020.07.16-18.23.49:295][857]LogAISub: UAISubsystem::UAISubsystem AIPerceptionSystem (000001E79A65D440), frame # 9857
[2020.07.16-18.23.49:303][857]LogWorld: Bringing World /Game/ThirdPersonCPP/Maps/UEDPIE_1_ThirdPersonExampleMap.ThirdPersonExampleMap up for play (max tick rate 0) at 2020.07.16-14.23.49
[2020.07.16-18.23.49:303][857]LogWorld: Bringing up level for play took: 0.006346
[2020.07.16-18.23.49:304][857]LogLoad: Took 0.038187 seconds to LoadMap(/Game/ThirdPersonCPP/Maps/UEDPIE_0_ThirdPersonExampleMap)
[2020.07.16-18.23.49:305][857]LogNavigation: Warning: NavData RegistrationFailed_DataPendingKill.
[2020.07.16-18.23.49:311][858]LogNet: Client netspeed is 10000
[2020.07.16-18.23.49:311][858]LogNet: Join request: /Game/ThirdPersonCPP/Maps/ThirdPersonExampleMap?Name=DESKTOP-LRG3F9H-7F17C56D4F450490A9506EA1DB3336EB?SplitscreenCount=1
[2020.07.16-18.23.49:311][858]LogOnlineSession: Warning: OSS: No game present to join for session (GameSession)
[2020.07.16-18.23.49:321][858]LogNet: Join succeeded: DESKTOP-LRG3F9H-7F17
[2020.07.16-18.23.49:560][881]LogOnlineSession: Warning: OSS: No game present to join for session (GameSession)
[2020.07.16-18.23.49:600][885]LogOnlineSession: Warning: OSS: No game present to join for session (GameSession)
[2020.07.16-18.23.51:600][110]LogSlate: Updating window title bar state: overlay mode, drag disabled, window buttons hidden, title bar hidden
[2020.07.16-18.23.51:600][110]LogWorld: BeginTearingDown for /Game/ThirdPersonCPP/Maps/UEDPIE_1_ThirdPersonExampleMap
[2020.07.16-18.23.51:600][110]LogSlate: Window 'PuzzleMP Preview [NetMode: Client 2] (64-bit/Windows) ' being destroyed
[2020.07.16-18.23.51:602][110]LogWorld: UWorld::CleanupWorld for ThirdPersonExampleMap, bSessionEnded=true, bCleanupResources=true
[2020.07.16-18.23.51:603][110]LogSlate: InvalidateAllWidgets triggered.  All widgets were invalidated
[2020.07.16-18.23.51:610][110]LogNet: World NetDriver shutdown IpNetDriver_1 [GameNetDriver]
[2020.07.16-18.23.51:610][110]LogNet: DestroyNamedNetDriver IpNetDriver_1 [GameNetDriver]
[2020.07.16-18.23.51:610][110]LogNet: UNetConnection::Close: [UNetConnection] RemoteAddr: 127.0.0.1:17777, Name: IpConnection_0, Driver: GameNetDriver IpNetDriver_1, IsServer: NO, PC: PlayerController_1, Owner: PlayerController_1, UniqueId: NULL:DESKTOP-LRG3F9H-7F17C56D4F450490A9506EA1DB3336EB, Channels: 10, Time: 2020.07.16-18.23.51
[2020.07.16-18.23.51:610][110]LogNet: UChannel::Close: Sending CloseBunch. ChIndex == 0. Name: [UChannel] ChIndex: 0, Closing: 0 [UNetConnection] RemoteAddr: 127.0.0.1:17777, Name: IpConnection_0, Driver: GameNetDriver IpNetDriver_1, IsServer: NO, PC: PlayerController_1, Owner: PlayerController_1, UniqueId: NULL:DESKTOP-LRG3F9H-7F17C56D4F450490A9506EA1DB3336EB
[2020.07.16-18.23.51:610][110]LogExit: GameNetDriver IpNetDriver_1 shut down
[2020.07.16-18.23.51:611][110]LogWorld: BeginTearingDown for /Game/ThirdPersonCPP/Maps/UEDPIE_0_ThirdPersonExampleMap
[2020.07.16-18.23.51:611][110]LogOnlineSession: Warning: OSS: No game present to leave for session (GameSession)
[2020.07.16-18.23.51:612][110]LogSlate: Updating window title bar state: overlay mode, drag disabled, window buttons hidden, title bar hidden
[2020.07.16-18.23.51:612][110]LogWorld: UWorld::CleanupWorld for ThirdPersonExampleMap, bSessionEnded=true, bCleanupResources=true
[2020.07.16-18.23.51:612][110]LogSlate: InvalidateAllWidgets triggered.  All widgets were invalidated
[2020.07.16-18.23.51:620][110]LogNet: World NetDriver shutdown IpNetDriver_0 [GameNetDriver]
[2020.07.16-18.23.51:620][110]LogNet: DestroyNamedNetDriver IpNetDriver_0 [GameNetDriver]
[2020.07.16-18.23.51:620][110]LogNet: UNetConnection::Cleanup: Closing open connection. [UNetConnection] RemoteAddr: 127.0.0.1:60909, Name: IpConnection_1, Driver: GameNetDriver IpNetDriver_0, IsServer: YES, PC: PlayerController_1, Owner: PlayerController_1, UniqueId: NULL:DESKTOP-LRG3F9H-7F17C56D4F450490A9506EA1DB3336EB
[2020.07.16-18.23.51:620][110]LogNet: UNetConnection::Close: [UNetConnection] RemoteAddr: 127.0.0.1:60909, Name: IpConnection_1, Driver: GameNetDriver IpNetDriver_0, IsServer: YES, PC: PlayerController_1, Owner: PlayerController_1, UniqueId: NULL:DESKTOP-LRG3F9H-7F17C56D4F450490A9506EA1DB3336EB, Channels: 10, Time: 2020.07.16-18.23.51
[2020.07.16-18.23.51:620][110]LogNet: UChannel::Close: Sending CloseBunch. ChIndex == 0. Name: [UChannel] ChIndex: 0, Closing: 0 [UNetConnection] RemoteAddr: 127.0.0.1:60909, Name: IpConnection_1, Driver: GameNetDriver IpNetDriver_0, IsServer: YES, PC: PlayerController_1, Owner: PlayerController_1, UniqueId: NULL:DESKTOP-LRG3F9H-7F17C56D4F450490A9506EA1DB3336EB
[2020.07.16-18.23.51:620][110]LogExit: GameNetDriver IpNetDriver_0 shut down
[2020.07.16-18.23.51:621][110]LogPlayLevel: Display: Shutting down PIE online subsystems
[2020.07.16-18.23.51:623][110]LogSlate: InvalidateAllWidgets triggered.  All widgets were invalidated
[2020.07.16-18.23.51:647][110]LogSlate: Updating window title bar state: overlay mode, drag disabled, window buttons hidden, title bar hidden
[2020.07.16-18.23.51:663][110]LogAISub: UAISubsystem::~UAISubsystem EnvQueryManager (000001E79B807E00), frame # 10110
[2020.07.16-18.23.51:663][110]LogAISub: UAISubsystem::~UAISubsystem AIPerceptionSystem (000001E79B8AA340), frame # 10110
[2020.07.16-18.23.51:664][110]LogAISub: UAISubsystem::~UAISubsystem EnvQueryManager (000001E79A70BE00), frame # 10110
[2020.07.16-18.23.51:664][110]LogAISub: UAISubsystem::~UAISubsystem AIPerceptionSystem (000001E79A65D440), frame # 10110
[2020.07.16-18.23.51:664][110]LogUObjectHash: Compacting FUObjectHashTables data took   0.55ms
[2020.07.16-18.23.51:692][111]LogPlayLevel: Display: Destroying online subsystem :Context_2
[2020.07.16-18.23.51:692][111]LogPlayLevel: Display: Destroying online subsystem :Context_1
[2020.07.16-18.23.54:308][286]LogTemp: Repeating last play command: Selected Viewport
[2020.07.16-18.23.54:315][286]LogPlayLevel: PlayLevel: No blueprints needed recompiling
[2020.07.16-18.23.54:315][286]PIE: New page: PIE session: ThirdPersonExampleMap (Jul 16, 2020, 10:23:54 AM)
[2020.07.16-18.23.54:338][286]LogPlayLevel: Creating play world package: /Game/ThirdPersonCPP/Maps/UEDPIE_0_ThirdPersonExampleMap
[2020.07.16-18.23.54:360][286]LogPlayLevel: PIE: StaticDuplicateObject took: (0.021707s)
[2020.07.16-18.23.54:361][286]LogAIModule: Creating AISystem for world ThirdPersonExampleMap
[2020.07.16-18.23.54:361][286]LogAISub: UAISubsystem::UAISubsystem EnvQueryManager (000001E795219600), frame # 10286
[2020.07.16-18.23.54:362][286]LogAISub: UAISubsystem::UAISubsystem AIPerceptionSystem (000001E79A65D1C0), frame # 10286
[2020.07.16-18.23.54:362][286]LogPlayLevel: PIE: World Init took: (0.002079s)
[2020.07.16-18.23.54:362][286]LogPlayLevel: PIE: Created PIE world by copying editor world from /Game/ThirdPersonCPP/Maps/ThirdPersonExampleMap.ThirdPersonExampleMap to /Game/ThirdPersonCPP/Maps/UEDPIE_0_ThirdPersonExampleMap.ThirdPersonExampleMap (0.024018s)
[2020.07.16-18.23.54:371][286]LogUObjectHash: Compacting FUObjectHashTables data took   0.93ms
[2020.07.16-18.23.54:373][286]LogAudioMixer: Display: Audio Mixer Platform Settings:
[2020.07.16-18.23.54:373][286]LogAudioMixer: Display: 	Sample Rate:						  48000
[2020.07.16-18.23.54:373][286]LogAudioMixer: Display: 	Callback Buffer Frame Size Requested: 1024
[2020.07.16-18.23.54:373][286]LogAudioMixer: Display: 	Callback Buffer Frame Size To Use:	  1024
[2020.07.16-18.23.54:373][286]LogAudioMixer: Display: 	Number of buffers to queue:			  2
[2020.07.16-18.23.54:373][286]LogAudioMixer: Display: 	Max Channels (voices):				  32
[2020.07.16-18.23.54:373][286]LogAudioMixer: Display: 	Number of Async Source Workers:		  0
[2020.07.16-18.23.54:373][286]LogAudio: Display: AudioDevice MaxSources: 32
[2020.07.16-18.23.54:374][286]LogAudio: Display: Using built-in audio occlusion.
[2020.07.16-18.23.54:374][286]LogAudioMixer: Display: Initializing audio mixer.
[2020.07.16-18.23.54:378][286]LogAudioMixer: Display: 0: FrontLeft
[2020.07.16-18.23.54:378][286]LogAudioMixer: Display: 1: FrontRight
[2020.07.16-18.23.54:378][286]LogAudioMixer: Display: 2: FrontCenter
[2020.07.16-18.23.54:378][286]LogAudioMixer: Display: 3: LowFrequency
[2020.07.16-18.23.54:378][286]LogAudioMixer: Display: 4: BackLeft
[2020.07.16-18.23.54:378][286]LogAudioMixer: Display: 5: BackRight
[2020.07.16-18.23.54:378][286]LogAudioMixer: Display: 6: SideLeft
[2020.07.16-18.23.54:378][286]LogAudioMixer: Display: 7: SideRight
[2020.07.16-18.23.54:398][286]LogAudioMixer: Display: Using Audio Device Speakers (Logitech PRO X Gaming Headset)
[2020.07.16-18.23.54:398][286]LogAudioMixer: Display: Initializing Sound Submixes...
[2020.07.16-18.23.54:398][286]LogAudioMixer: Display: Creating Master Submix 'MasterSubmixDefault'
[2020.07.16-18.23.54:398][286]LogAudioMixer: Display: Creating Master Submix 'MasterReverbSubmixDefault'
[2020.07.16-18.23.54:399][286]LogAudioMixer: Display: Creating Master Submix 'MasterEQSubmixDefault'
[2020.07.16-18.23.54:410][286]LogInit: FAudioDevice initialized.
[2020.07.16-18.23.54:420][286]LogLoad: Game class is 'PuzzleMPGameMode'
[2020.07.16-18.23.54:423][286]LogWorld: Bringing World /Game/ThirdPersonCPP/Maps/UEDPIE_0_ThirdPersonExampleMap.ThirdPersonExampleMap up for play (max tick rate 0) at 2020.07.16-14.23.54
[2020.07.16-18.23.54:423][286]LogWorld: Bringing up level for play took: 0.001911
[2020.07.16-18.23.54:423][286]LogOnline: OSS: Creating online subsystem instance for: :Context_3
[2020.07.16-18.23.54:425][286]LogNet: ReplicationDriverClass is null! Not using ReplicationDriver.
[2020.07.16-18.23.54:425][286]LogNetCore: DDoS detection status: detection enabled: 0 analytics enabled: 0
[2020.07.16-18.23.54:425][286]LogInit: WinSock: Socket queue. Rx: 131072 (config 131072) Tx: 131072 (config 131072)
[2020.07.16-18.23.54:425][286]LogNet: Created socket for bind address: 0.0.0.0 on port 17777
[2020.07.16-18.23.54:425][286]PacketHandlerLog: Loaded PacketHandler component: Engine.EngineHandlerComponentFactory (StatelessConnectHandlerComponent)
[2020.07.16-18.23.54:425][286]LogNet: GameNetDriver IpNetDriver_2 IpNetDriver listening on port 17777
[2020.07.16-18.23.54:426][286]PIE: Server logged in
[2020.07.16-18.23.54:427][286]PIE: Play in editor total start time 0.112 seconds.
[2020.07.16-18.23.54:428][286]LogAudioMixer: Display: Audio Mixer Platform Settings:
[2020.07.16-18.23.54:429][286]LogAudioMixer: Display: 	Sample Rate:						  48000
[2020.07.16-18.23.54:429][286]LogAudioMixer: Display: 	Callback Buffer Frame Size Requested: 1024
[2020.07.16-18.23.54:429][286]LogAudioMixer: Display: 	Callback Buffer Frame Size To Use:	  1024
[2020.07.16-18.23.54:429][286]LogAudioMixer: Display: 	Number of buffers to queue:			  2
[2020.07.16-18.23.54:429][286]LogAudioMixer: Display: 	Max Channels (voices):				  32
[2020.07.16-18.23.54:429][286]LogAudioMixer: Display: 	Number of Async Source Workers:		  0
[2020.07.16-18.23.54:429][286]LogAudio: Display: AudioDevice MaxSources: 32
[2020.07.16-18.23.54:429][286]LogAudio: Display: Using built-in audio occlusion.
[2020.07.16-18.23.54:430][286]LogAudioMixer: Display: Initializing audio mixer.
[2020.07.16-18.23.54:433][286]LogAudioMixer: Display: 0: FrontLeft
[2020.07.16-18.23.54:433][286]LogAudioMixer: Display: 1: FrontRight
[2020.07.16-18.23.54:433][286]LogAudioMixer: Display: 2: FrontCenter
[2020.07.16-18.23.54:433][286]LogAudioMixer: Display: 3: LowFrequency
[2020.07.16-18.23.54:433][286]LogAudioMixer: Display: 4: BackLeft
[2020.07.16-18.23.54:433][286]LogAudioMixer: Display: 5: BackRight
[2020.07.16-18.23.54:433][286]LogAudioMixer: Display: 6: SideLeft
[2020.07.16-18.23.54:433][286]LogAudioMixer: Display: 7: SideRight
[2020.07.16-18.23.54:452][286]LogAudioMixer: Display: Using Audio Device Speakers (Logitech PRO X Gaming Headset)
[2020.07.16-18.23.54:452][286]LogAudioMixer: Display: Initializing Sound Submixes...
[2020.07.16-18.23.54:452][286]LogAudioMixer: Display: Creating Master Submix 'MasterSubmixDefault'
[2020.07.16-18.23.54:452][286]LogAudioMixer: Display: Creating Master Submix 'MasterReverbSubmixDefault'
[2020.07.16-18.23.54:453][286]LogAudioMixer: Display: Creating Master Submix 'MasterEQSubmixDefault'
[2020.07.16-18.23.54:465][286]LogInit: FAudioDevice initialized.
[2020.07.16-18.23.54:518][286]LogSlate: Updating window title bar state: overlay mode, drag disabled, window buttons hidden, title bar hidden
[2020.07.16-18.23.54:518][286]LogNet: Browse: 127.0.0.1:17777//Game/ThirdPersonCPP/Maps/ThirdPersonExampleMap
[2020.07.16-18.23.54:519][286]LogInit: WinSock: Socket queue. Rx: 32768 (config 32768) Tx: 32768 (config 32768)
[2020.07.16-18.23.54:519][286]LogNet: Created socket for bind address: 0.0.0.0 on port 0
[2020.07.16-18.23.54:519][286]PacketHandlerLog: Loaded PacketHandler component: Engine.EngineHandlerComponentFactory (StatelessConnectHandlerComponent)
[2020.07.16-18.23.54:519][286]LogNet: Game client on port 17777, rate 10000
[2020.07.16-18.23.54:520][286]PIE: Client logged in
[2020.07.16-18.23.54:522][286]PIE: Play in editor total start time 0.208 seconds.
[2020.07.16-18.23.55:543][400]LogNet: NotifyAcceptingConnection accepted from: 127.0.0.1:60910
[2020.07.16-18.23.55:543][400]LogHandshake: SendConnectChallenge. Timestamp: 1.242748, Cookie: 173139212081005125011203158182191097083234095013088250210239
[2020.07.16-18.23.55:544][400]LogHandshake: SendChallengeResponse. Timestamp: 1.242748, Cookie: 173139212081005125011203158182191097083234095013088250210239
[2020.07.16-18.23.55:551][401]LogNet: NotifyAcceptingConnection accepted from: 127.0.0.1:60910
[2020.07.16-18.23.55:551][401]LogHandshake: SendChallengeAck. InCookie: 173139212081005125011203158182191097083234095013088250210239
[2020.07.16-18.23.55:551][401]LogNet: Server accepting post-challenge connection from: 127.0.0.1:60910
[2020.07.16-18.23.55:552][401]PacketHandlerLog: Loaded PacketHandler component: Engine.EngineHandlerComponentFactory (StatelessConnectHandlerComponent)
[2020.07.16-18.23.55:552][401]LogNet: NotifyAcceptedConnection: Name: ThirdPersonExampleMap, TimeStamp: 07/16/20 14:23:55, [UNetConnection] RemoteAddr: 127.0.0.1:60910, Name: IpConnection_3, Driver: GameNetDriver IpNetDriver_2, IsServer: YES, PC: NULL, Owner: NULL, UniqueId: INVALID
[2020.07.16-18.23.55:552][401]LogNet: AddClientConnection: Added client connection: [UNetConnection] RemoteAddr: 127.0.0.1:60910, Name: IpConnection_3, Driver: GameNetDriver IpNetDriver_2, IsServer: YES, PC: NULL, Owner: NULL, UniqueId: INVALID
[2020.07.16-18.23.55:553][401]LogNet: UPendingNetGame::SendInitialJoin: Sending hello. [UNetConnection] RemoteAddr: 127.0.0.1:17777, Name: IpConnection_2, Driver: PendingNetDriver IpNetDriver_3, IsServer: NO, PC: NULL, Owner: NULL, UniqueId: INVALID
[2020.07.16-18.23.55:559][402]LogNet: NotifyAcceptingChannel Control 0 server World /Game/ThirdPersonCPP/Maps/UEDPIE_0_ThirdPersonExampleMap.ThirdPersonExampleMap: Accepted
[2020.07.16-18.23.55:560][402]LogNet: Remote platform little endian=1
[2020.07.16-18.23.55:560][402]LogNet: This platform little endian=1
[2020.07.16-18.23.55:560][402]LogOnline: OSS: Creating online subsystem instance for: :Context_4
[2020.07.16-18.23.55:568][403]LogNet: Login request: ?Name=DESKTOP-LRG3F9H-F8C6057444E652377EACC483FA0CB379 userId: NULL:DESKTOP-LRG3F9H-F8C6057444E652377EACC483FA0CB379 platform: NULL
[2020.07.16-18.23.55:569][403]LogNet: Welcomed by server (Level: /Game/ThirdPersonCPP/Maps/UEDPIE_0_ThirdPersonExampleMap, Game: /Script/PuzzleMP.PuzzleMPGameMode)
[2020.07.16-18.23.55:569][403]LogLoad: LoadMap: 127.0.0.1:17777//Game/ThirdPersonCPP/Maps/UEDPIE_0_ThirdPersonExampleMap?game=/Script/PuzzleMP.PuzzleMPGameMode
[2020.07.16-18.23.55:569][403]LogWorld: BeginTearingDown for /Temp/Untitled_2
[2020.07.16-18.23.55:569][403]LogWorld: UWorld::CleanupWorld for Untitled, bSessionEnded=true, bCleanupResources=true
[2020.07.16-18.23.55:569][403]LogSlate: InvalidateAllWidgets triggered.  All widgets were invalidated
[2020.07.16-18.23.55:577][403]LogUObjectHash: Compacting FUObjectHashTables data took   0.52ms
[2020.07.16-18.23.55:595][403]LogAIModule: Creating AISystem for world ThirdPersonExampleMap
[2020.07.16-18.23.55:596][403]LogAISub: UAISubsystem::UAISubsystem EnvQueryManager (000001E79B6EBE00), frame # 10403
[2020.07.16-18.23.55:596][403]LogAISub: UAISubsystem::UAISubsystem AIPerceptionSystem (000001E7DDD87100), frame # 10403
[2020.07.16-18.23.55:602][403]LogWorld: Bringing World /Game/ThirdPersonCPP/Maps/UEDPIE_1_ThirdPersonExampleMap.ThirdPersonExampleMap up for play (max tick rate 0) at 2020.07.16-14.23.55
[2020.07.16-18.23.55:602][403]LogWorld: Bringing up level for play took: 0.005404
[2020.07.16-18.23.55:603][403]LogLoad: Took 0.033298 seconds to LoadMap(/Game/ThirdPersonCPP/Maps/UEDPIE_0_ThirdPersonExampleMap)
[2020.07.16-18.23.55:603][403]LogNavigation: Warning: NavData RegistrationFailed_DataPendingKill.
[2020.07.16-18.23.55:608][404]LogNet: Client netspeed is 10000
[2020.07.16-18.23.55:608][404]LogNet: Join request: /Game/ThirdPersonCPP/Maps/ThirdPersonExampleMap?Name=DESKTOP-LRG3F9H-F8C6057444E652377EACC483FA0CB379?SplitscreenCount=1
[2020.07.16-18.23.55:609][404]LogOnlineSession: Warning: OSS: No game present to join for session (GameSession)
[2020.07.16-18.23.55:611][404]LogNet: Join succeeded: DESKTOP-LRG3F9H-F8C6
[2020.07.16-18.23.55:908][437]LogOnlineSession: Warning: OSS: No game present to join for session (GameSession)
[2020.07.16-18.23.55:982][446]LogOnlineSession: Warning: OSS: No game present to join for session (GameSession)
[2020.07.16-18.26.05:019][872]LogSlate: Updating window title bar state: overlay mode, drag disabled, window buttons hidden, title bar hidden
[2020.07.16-18.26.05:019][872]LogWorld: BeginTearingDown for /Game/ThirdPersonCPP/Maps/UEDPIE_1_ThirdPersonExampleMap
[2020.07.16-18.26.05:019][872]LogSlate: Window 'PuzzleMP Preview [NetMode: Client 2] (64-bit/Windows) ' being destroyed
[2020.07.16-18.26.05:023][872]LogWorld: UWorld::CleanupWorld for ThirdPersonExampleMap, bSessionEnded=true, bCleanupResources=true
[2020.07.16-18.26.05:024][872]LogSlate: InvalidateAllWidgets triggered.  All widgets were invalidated
[2020.07.16-18.26.05:034][872]LogNet: World NetDriver shutdown IpNetDriver_3 [GameNetDriver]
[2020.07.16-18.26.05:035][872]LogNet: DestroyNamedNetDriver IpNetDriver_3 [GameNetDriver]
[2020.07.16-18.26.05:035][872]LogNet: UNetConnection::Close: [UNetConnection] RemoteAddr: 127.0.0.1:17777, Name: IpConnection_2, Driver: GameNetDriver IpNetDriver_3, IsServer: NO, PC: PlayerController_1, Owner: PlayerController_1, UniqueId: NULL:DESKTOP-LRG3F9H-F8C6057444E652377EACC483FA0CB379, Channels: 11, Time: 2020.07.16-18.26.05
[2020.07.16-18.26.05:035][872]LogNet: UChannel::Close: Sending CloseBunch. ChIndex == 0. Name: [UChannel] ChIndex: 0, Closing: 0 [UNetConnection] RemoteAddr: 127.0.0.1:17777, Name: IpConnection_2, Driver: GameNetDriver IpNetDriver_3, IsServer: NO, PC: PlayerController_1, Owner: PlayerController_1, UniqueId: NULL:DESKTOP-LRG3F9H-F8C6057444E652377EACC483FA0CB379
[2020.07.16-18.26.05:035][872]LogExit: GameNetDriver IpNetDriver_3 shut down
[2020.07.16-18.26.05:035][872]LogWorld: BeginTearingDown for /Game/ThirdPersonCPP/Maps/UEDPIE_0_ThirdPersonExampleMap
[2020.07.16-18.26.05:036][872]LogOnlineSession: Warning: OSS: No game present to leave for session (GameSession)
[2020.07.16-18.26.05:036][872]LogSlate: Updating window title bar state: overlay mode, drag disabled, window buttons hidden, title bar hidden
[2020.07.16-18.26.05:036][872]LogWorld: UWorld::CleanupWorld for ThirdPersonExampleMap, bSessionEnded=true, bCleanupResources=true
[2020.07.16-18.26.05:037][872]LogSlate: InvalidateAllWidgets triggered.  All widgets were invalidated
[2020.07.16-18.26.05:043][872]LogNet: World NetDriver shutdown IpNetDriver_2 [GameNetDriver]
[2020.07.16-18.26.05:043][872]LogNet: DestroyNamedNetDriver IpNetDriver_2 [GameNetDriver]
[2020.07.16-18.26.05:043][872]LogNet: UNetConnection::Cleanup: Closing open connection. [UNetConnection] RemoteAddr: 127.0.0.1:60910, Name: IpConnection_3, Driver: GameNetDriver IpNetDriver_2, IsServer: YES, PC: PlayerController_1, Owner: PlayerController_1, UniqueId: NULL:DESKTOP-LRG3F9H-F8C6057444E652377EACC483FA0CB379
[2020.07.16-18.26.05:043][872]LogNet: UNetConnection::Close: [UNetConnection] RemoteAddr: 127.0.0.1:60910, Name: IpConnection_3, Driver: GameNetDriver IpNetDriver_2, IsServer: YES, PC: PlayerController_1, Owner: PlayerController_1, UniqueId: NULL:DESKTOP-LRG3F9H-F8C6057444E652377EACC483FA0CB379, Channels: 11, Time: 2020.07.16-18.26.05
[2020.07.16-18.26.05:044][872]LogNet: UChannel::Close: Sending CloseBunch. ChIndex == 0. Name: [UChannel] ChIndex: 0, Closing: 0 [UNetConnection] RemoteAddr: 127.0.0.1:60910, Name: IpConnection_3, Driver: GameNetDriver IpNetDriver_2, IsServer: YES, PC: PlayerController_1, Owner: PlayerController_1, UniqueId: NULL:DESKTOP-LRG3F9H-F8C6057444E652377EACC483FA0CB379
[2020.07.16-18.26.05:044][872]LogExit: GameNetDriver IpNetDriver_2 shut down
[2020.07.16-18.26.05:044][872]LogPlayLevel: Display: Shutting down PIE online subsystems
[2020.07.16-18.26.05:046][872]LogSlate: InvalidateAllWidgets triggered.  All widgets were invalidated
[2020.07.16-18.26.05:071][872]LogSlate: Updating window title bar state: overlay mode, drag disabled, window buttons hidden, title bar hidden
[2020.07.16-18.26.05:089][872]LogAISub: UAISubsystem::~UAISubsystem AIPerceptionSystem (000001E7DDD87100), frame # 25872
[2020.07.16-18.26.05:089][872]LogAISub: UAISubsystem::~UAISubsystem EnvQueryManager (000001E79B6EBE00), frame # 25872
[2020.07.16-18.26.05:089][872]LogAISub: UAISubsystem::~UAISubsystem AIPerceptionSystem (000001E79A65D1C0), frame # 25872
[2020.07.16-18.26.05:089][872]LogAISub: UAISubsystem::~UAISubsystem EnvQueryManager (000001E795219600), frame # 25872
[2020.07.16-18.26.05:090][872]LogUObjectHash: Compacting FUObjectHashTables data took   0.61ms
[2020.07.16-18.26.05:107][873]LogPlayLevel: Display: Destroying online subsystem :Context_4
[2020.07.16-18.26.05:107][873]LogPlayLevel: Display: Destroying online subsystem :Context_3
